This is pdfTeX, Version 3.141592653-2.6-1.40.23 (TeX Live 2021/W32TeX) (preloaded format=pdflatex 2021.9.15)  13 DEC 2021 23:24
entering extended mode
 restricted \write18 enabled.
 %&-line parsing enabled.
**refman
(./refman.tex
LaTeX2e <2021-06-01> patch level 1
L3 programming layer <2021-08-27>
(c:/texlive/2021/texmf-dist/tex/latex/base/book.cls
Document Class: book 2021/02/12 v1.4n Standard LaTeX document class
(c:/texlive/2021/texmf-dist/tex/latex/base/bk10.clo
File: bk10.clo 2021/02/12 v1.4n Standard LaTeX file (size option)
)
\c@part=\count182
\c@chapter=\count183
\c@section=\count184
\c@subsection=\count185
\c@subsubsection=\count186
\c@paragraph=\count187
\c@subparagraph=\count188
\c@figure=\count189
\c@table=\count190
\abovecaptionskip=\skip47
\belowcaptionskip=\skip48
\bibindent=\dimen138
)
(c:/texlive/2021/texmf-dist/tex/latex/base/ifthen.sty
Package: ifthen 2020/11/24 v1.1c Standard LaTeX ifthen package (DPC)
)
(c:/texlive/2021/texmf-dist/tex/latex/tools/array.sty
Rollback for package 'array' requested -> date 2016-10-06.
         Best approximation is the release introduced on 2016-10-06.

(c:/texlive/2021/texmf-dist/tex/latex/tools/array-2016-10-06.sty
Package: array 2016/10/06 v2.4d Tabular extension package (FMi)
\col@sep=\dimen139
\extrarowheight=\dimen140
\NC@list=\toks16
\extratabsurround=\skip49
\backup@length=\skip50
))
(c:/texlive/2021/texmf-dist/tex/latex/base/fixltx2e.sty
Package: fixltx2e 2016/12/29 v2.1a fixes to LaTeX (obsolete)
Applying: [2015/01/01] Old fixltx2e package on input line 46.


Package fixltx2e Warning: fixltx2e is not required with releases after 2015
(fixltx2e)                All fixes are now in the LaTeX kernel.
(fixltx2e)                See the latexrelease package for details.

Already applied: [0000/00/00] Old fixltx2e package on input line 53.
) (./doxygen.sty
Package: doxygen 
 (c:/texlive/2021/texmf-dist/tex/latex/base/alltt.sty
Package: alltt 2021/01/29 v2.0g defines alltt environment
)
(c:/texlive/2021/texmf-dist/tex/latex/tools/calc.sty
Package: calc 2017/05/25 v4.3 Infix arithmetic (KKT,FJ)
\calc@Acount=\count191
\calc@Bcount=\count192
\calc@Adimen=\dimen141
\calc@Bdimen=\dimen142
\calc@Askip=\skip51
\calc@Bskip=\skip52
LaTeX Info: Redefining \setlength on input line 80.
LaTeX Info: Redefining \addtolength on input line 81.
\calc@Ccount=\count193
\calc@Cskip=\skip53
)
(c:/texlive/2021/texmf-dist/tex/latex/float/float.sty
Package: float 2001/11/08 v1.3d Float enhancements (AL)
\c@float@type=\count194
\float@exts=\toks17
\float@box=\box50
\@float@everytoks=\toks18
\@floatcapt=\box51
)
(c:/texlive/2021/texmf-dist/tex/latex/tools/verbatim.sty
Package: verbatim 2020-07-07 v1.5u LaTeX2e package for verbatim enhancements
\every@verbatim=\toks19
\verbatim@line=\toks20
\verbatim@in@stream=\read2
)
(c:/texlive/2021/texmf-dist/tex/latex/xcolor/xcolor.sty
Package: xcolor 2016/05/11 v2.12 LaTeX color extensions (UK)

(c:/texlive/2021/texmf-dist/tex/latex/graphics-cfg/color.cfg
File: color.cfg 2016/01/02 v1.6 sample color configuration
)
Package xcolor Info: Driver file: pdftex.def on input line 225.

(c:/texlive/2021/texmf-dist/tex/latex/graphics-def/pdftex.def
File: pdftex.def 2020/10/05 v1.2a Graphics/color driver for pdftex
)
(c:/texlive/2021/texmf-dist/tex/latex/colortbl/colortbl.sty
Package: colortbl 2020/01/04 v1.0e Color table columns (DPC)
\everycr=\toks21
\minrowclearance=\skip54
)
\rownum=\count195
Package xcolor Info: Model `cmy' substituted by `cmy0' on input line 1348.
Package xcolor Info: Model `hsb' substituted by `rgb' on input line 1352.
Package xcolor Info: Model `RGB' extended on input line 1364.
Package xcolor Info: Model `HTML' substituted by `rgb' on input line 1366.
Package xcolor Info: Model `Hsb' substituted by `hsb' on input line 1367.
Package xcolor Info: Model `tHsb' substituted by `hsb' on input line 1368.
Package xcolor Info: Model `HSB' substituted by `hsb' on input line 1369.
Package xcolor Info: Model `Gray' substituted by `gray' on input line 1370.
Package xcolor Info: Model `wave' substituted by `hsb' on input line 1371.
)
(./longtable_doxygen.sty
Package: longtable_doxygen 2014/10/28 v4.11 Multi-page Table package (DPC) - fr
ozen version for doxygen
\LTleft=\skip55
\LTright=\skip56
\LTpre=\skip57
\LTpost=\skip58
\LTchunksize=\count196
\LTcapwidth=\dimen143
\LT@head=\box52
\LT@firsthead=\box53
\LT@foot=\box54
\LT@lastfoot=\box55
\LT@cols=\count197
\LT@rows=\count198
\c@LT@tables=\count199
\c@LT@chunks=\count266
\LT@p@ftn=\toks22
) (./tabu_doxygen.sty
Package: tabu_doxygen 2011/02/26 v2.8 - flexible LaTeX tabulars (FC), frozen ve
rsion for doxygen

(c:/texlive/2021/texmf-dist/tex/latex/varwidth/varwidth.sty
Package: varwidth 2009/03/30 ver 0.92;  Variable-width minipages
\@vwid@box=\box56
\sift@deathcycles=\count267
\@vwid@loff=\dimen144
\@vwid@roff=\dimen145
)
\c@taburow=\count268
\tabu@nbcols=\count269
\tabu@cnt=\count270
\tabu@Xcol=\count271
\tabu@alloc=\count272
\tabu@nested=\count273
\tabu@target=\dimen146
\tabu@spreadtarget=\dimen147
\tabu@naturalX=\dimen148
\tabucolX=\dimen149
\tabu@Xsum=\dimen150
\extrarowdepth=\dimen151
\abovetabulinesep=\dimen152
\belowtabulinesep=\dimen153
\tabustrutrule=\dimen154
\tabu@thebody=\toks23
\tabu@footnotes=\toks24
\tabu@box=\box57
\tabu@arstrutbox=\box58
\tabu@hleads=\box59
\tabu@vleads=\box60
\tabu@cellskip=\skip59
)
(c:/texlive/2021/texmf-dist/tex/latex/fancyvrb/fancyvrb.sty
Package: fancyvrb 2021/08/12 v3.8 verbatim text (tvz,hv)

(c:/texlive/2021/texmf-dist/tex/latex/graphics/keyval.sty
Package: keyval 2014/10/28 v1.15 key=value parser (DPC)
\KV@toks@=\toks25
)
\FV@CodeLineNo=\count274
\FV@InFile=\read3
\FV@TabBox=\box61
\c@FancyVerbLine=\count275
\FV@StepNumber=\count276
\FV@OutFile=\write3
)
(c:/texlive/2021/texmf-dist/tex/latex/tools/tabularx.sty
Package: tabularx 2020/01/15 v2.11c `tabularx' package (DPC)
\TX@col@width=\dimen155
\TX@old@table=\dimen156
\TX@old@col=\dimen157
\TX@target=\dimen158
\TX@delta=\dimen159
\TX@cols=\count277
\TX@ftn=\toks26
)
(c:/texlive/2021/texmf-dist/tex/latex/tools/multicol.sty
Package: multicol 2019/12/09 v1.8y multicolumn formatting (FMi)
\c@tracingmulticols=\count278
\mult@box=\box62
\multicol@leftmargin=\dimen160
\c@unbalance=\count279
\c@collectmore=\count280
\doublecol@number=\count281
\multicoltolerance=\count282
\multicolpretolerance=\count283
\full@width=\dimen161
\page@free=\dimen162
\premulticols=\dimen163
\postmulticols=\dimen164
\multicolsep=\skip60
\multicolbaselineskip=\skip61
\partial@page=\box63
\last@line=\box64
\maxbalancingoverflow=\dimen165
\mult@rightbox=\box65
\mult@grightbox=\box66
\mult@gfirstbox=\box67
\mult@firstbox=\box68
\@tempa=\box69
\@tempa=\box70
\@tempa=\box71
\@tempa=\box72
\@tempa=\box73
\@tempa=\box74
\@tempa=\box75
\@tempa=\box76
\@tempa=\box77
\@tempa=\box78
\@tempa=\box79
\@tempa=\box80
\@tempa=\box81
\@tempa=\box82
\@tempa=\box83
\@tempa=\box84
\@tempa=\box85
\@tempa=\box86
\@tempa=\box87
\@tempa=\box88
\@tempa=\box89
\@tempa=\box90
\@tempa=\box91
\@tempa=\box92
\@tempa=\box93
\@tempa=\box94
\@tempa=\box95
\@tempa=\box96
\@tempa=\box97
\@tempa=\box98
\@tempa=\box99
\@tempa=\box100
\@tempa=\box101
\@tempa=\box102
\@tempa=\box103
\@tempa=\box104
\@tempa=\box105
\c@minrows=\count284
\c@columnbadness=\count285
\c@finalcolumnbadness=\count286
\last@try=\dimen166
\multicolovershoot=\dimen167
\multicolundershoot=\dimen168
\mult@nat@firstbox=\box106
\colbreak@box=\box107
\mc@col@check@num=\count287
)
(c:/texlive/2021/texmf-dist/tex/latex/multirow/multirow.sty
Package: multirow 2021/03/15 v2.8 Span multiple rows of a table
\multirow@colwidth=\skip62
\multirow@cntb=\count288
\multirow@dima=\skip63
\bigstrutjot=\dimen169
)
(c:/texlive/2021/texmf-dist/tex/latex/hanging/hanging.sty
Package: hanging 2009/09/02 v1.2b hanging paragraphs and punctuation
\h@ngcommawd=\skip64
\h@ngfstopwd=\skip65
\h@ngquotewd=\skip66
\h@ngdquotewd=\skip67
\h@ngquerywd=\skip68
\h@ngexclwd=\skip69
\h@ngcolonwd=\skip70
\h@ngscolonwd=\skip71
)
(c:/texlive/2021/texmf-dist/tex/generic/iftex/ifpdf.sty
Package: ifpdf 2019/10/25 v3.4 ifpdf legacy package. Use iftex instead.

(c:/texlive/2021/texmf-dist/tex/generic/iftex/iftex.sty
Package: iftex 2020/03/06 v1.0d TeX engine tests
))
(c:/texlive/2021/texmf-dist/tex/latex/adjustbox/adjustbox.sty
Package: adjustbox 2020/08/19 v1.3 Adjusting TeX boxes (trim, clip, ...)

(c:/texlive/2021/texmf-dist/tex/latex/xkeyval/xkeyval.sty
Package: xkeyval 2020/11/20 v2.8 package option processing (HA)

(c:/texlive/2021/texmf-dist/tex/generic/xkeyval/xkeyval.tex
(c:/texlive/2021/texmf-dist/tex/generic/xkeyval/xkvutils.tex
\XKV@toks=\toks27
\XKV@tempa@toks=\toks28
)
\XKV@depth=\count289
File: xkeyval.tex 2014/12/03 v2.7a key=value parser (HA)
))
(c:/texlive/2021/texmf-dist/tex/latex/adjustbox/adjcalc.sty
Package: adjcalc 2012/05/16 v1.1 Provides advanced setlength with multiple back
-ends (calc, etex, pgfmath)
)
(c:/texlive/2021/texmf-dist/tex/latex/adjustbox/trimclip.sty
Package: trimclip 2020/08/19 v1.2 Trim and clip general TeX material

(c:/texlive/2021/texmf-dist/tex/latex/graphics/graphicx.sty
Package: graphicx 2020/12/05 v1.2c Enhanced LaTeX Graphics (DPC,SPQR)

(c:/texlive/2021/texmf-dist/tex/latex/graphics/graphics.sty
Package: graphics 2021/03/04 v1.4d Standard LaTeX Graphics (DPC,SPQR)

(c:/texlive/2021/texmf-dist/tex/latex/graphics/trig.sty
Package: trig 2016/01/03 v1.10 sin cos tan (DPC)
)
(c:/texlive/2021/texmf-dist/tex/latex/graphics-cfg/graphics.cfg
File: graphics.cfg 2016/06/04 v1.11 sample graphics configuration
)
Package graphics Info: Driver file: pdftex.def on input line 107.
)
\Gin@req@height=\dimen170
\Gin@req@width=\dimen171
)
(c:/texlive/2021/texmf-dist/tex/latex/collectbox/collectbox.sty
Package: collectbox 2012/05/17 v0.4b Collect macro arguments as boxes
\collectedbox=\box108
)
\tc@llx=\dimen172
\tc@lly=\dimen173
\tc@urx=\dimen174
\tc@ury=\dimen175
Package trimclip Info: Using driver 'tc-pdftex.def'.

(c:/texlive/2021/texmf-dist/tex/latex/adjustbox/tc-pdftex.def
File: tc-pdftex.def 2019/01/04 v2.2 Clipping driver for pdftex
))
\adjbox@Width=\dimen176
\adjbox@Height=\dimen177
\adjbox@Depth=\dimen178
\adjbox@Totalheight=\dimen179
\adjbox@pwidth=\dimen180
\adjbox@pheight=\dimen181
\adjbox@pdepth=\dimen182
\adjbox@ptotalheight=\dimen183

(c:/texlive/2021/texmf-dist/tex/latex/ifoddpage/ifoddpage.sty
Package: ifoddpage 2016/04/23 v1.1 Conditionals for odd/even page detection
\c@checkoddpage=\count290
))
(c:/texlive/2021/texmf-dist/tex/latex/amsfonts/amssymb.sty
Package: amssymb 2013/01/14 v3.01 AMS font symbols

(c:/texlive/2021/texmf-dist/tex/latex/amsfonts/amsfonts.sty
Package: amsfonts 2013/01/14 v3.01 Basic AMSFonts support
\@emptytoks=\toks29
\symAMSa=\mathgroup4
\symAMSb=\mathgroup5
LaTeX Font Info:    Redeclaring math symbol \hbar on input line 98.
LaTeX Font Info:    Overwriting math alphabet `\mathfrak' in version `bold'
(Font)                  U/euf/m/n --> U/euf/b/n on input line 106.
))
(c:/texlive/2021/texmf-dist/tex/latex/stackengine/stackengine.sty
Package: stackengine 2021/07/22 v4.11\ Stacking text and objects in convenient 
ways

(c:/texlive/2021/texmf-dist/tex/latex/etoolbox/etoolbox.sty
Package: etoolbox 2020/10/05 v2.5k e-TeX tools for LaTeX (JAW)
\etb@tempcnta=\count291
)
(c:/texlive/2021/texmf-dist/tex/generic/listofitems/listofitems.sty
(c:/texlive/2021/texmf-dist/tex/generic/listofitems/listofitems.tex
\loi_cnt_foreach_nest=\count292
\loi_nestcnt=\count293
)
Package: listofitems 2019/08/21 v1.63 Grab items in lists using user-specified 
sep char (CT)
)
\c@@stackindex=\count294
\@boxshift=\skip72
\stack@tmplength=\skip73
\temp@stkl=\skip74
\@stackedboxwidth=\skip75
\@addedbox=\box109
\@anchorbox=\box110
\@insetbox=\box111
\se@backgroundbox=\box112
\stackedbox=\box113
\@centerbox=\box114
\c@ROWcellindex@=\count295
)
(c:/texlive/2021/texmf-dist/tex/latex/enumitem/enumitem.sty
Package: enumitem 2019/06/20 v3.9 Customized lists
\labelindent=\skip76
\enit@outerparindent=\dimen184
\enit@toks=\toks30
\enit@inbox=\box115
\enit@count@id=\count296
\enitdp@description=\count297
)
(c:/texlive/2021/texmf-dist/tex/generic/alphalph/alphalph.sty
Package: alphalph 2019/12/09 v2.6 Convert numbers to letters (HO)

(c:/texlive/2021/texmf-dist/tex/generic/infwarerr/infwarerr.sty
Package: infwarerr 2019/12/03 v1.5 Providing info/warning/error messages (HO)
)
(c:/texlive/2021/texmf-dist/tex/generic/intcalc/intcalc.sty
Package: intcalc 2019/12/15 v1.3 Expandable calculations with integers (HO)
))
(c:/texlive/2021/texmf-dist/tex/generic/ulem/ulem.sty
\UL@box=\box116
\UL@hyphenbox=\box117
\UL@skip=\skip77
\UL@hook=\toks31
\UL@height=\dimen185
\UL@pe=\count298
\UL@pixel=\dimen186
\ULC@box=\box118
Package: ulem 2019/11/18
\ULdepth=\dimen187
)
\xrefbox=\box119
\xreflength=\skip78
\CodeWidthChar=\skip79
\CodeHeightChar=\skip80
\DoxyCodeWidth=\skip81
)
(c:/texlive/2021/texmf-dist/tex/latex/base/inputenc.sty
Package: inputenc 2021/02/14 v1.3d Input encoding file
\inpenc@prehook=\toks32
\inpenc@posthook=\toks33
)
(c:/texlive/2021/texmf-dist/tex/latex/base/makeidx.sty
Package: makeidx 2014/09/29 v1.0m Standard LaTeX package
)
(c:/texlive/2021/texmf-dist/tex/latex/base/textcomp.sty
Package: textcomp 2020/02/02 v2.0n Standard LaTeX package
)
(c:/texlive/2021/texmf-dist/tex/latex/wasysym/wasysym.sty
Package: wasysym 2020/01/19 v2.4 Wasy-2 symbol support package
\symwasy=\mathgroup6
LaTeX Font Info:    Overwriting symbol font `wasy' in version `bold'
(Font)                  U/wasy/m/n --> U/wasy/b/n on input line 93.
)
(c:/texlive/2021/texmf-dist/tex/generic/iftex/ifxetex.sty
Package: ifxetex 2019/10/25 v0.7 ifxetex legacy package. Use iftex instead.
)
(c:/texlive/2021/texmf-dist/tex/latex/base/fontenc.sty
Package: fontenc 2021/04/29 v2.0v Standard LaTeX package
)
(c:/texlive/2021/texmf-dist/tex/latex/psnfss/helvet.sty
Package: helvet 2020/03/25 PSNFSS-v9.3 (WaS) 
)
(c:/texlive/2021/texmf-dist/tex/latex/psnfss/courier.sty
Package: courier 2020/03/25 PSNFSS-v9.3 (WaS) 
)
(c:/texlive/2021/texmf-dist/tex/latex/sectsty/sectsty.sty
Package: sectsty 2002/02/25 v2.0.2 Commands to change all sectional heading sty
les


LaTeX Warning: Command \underbar  has changed.
               Check if current package is valid.


LaTeX Warning: Command \underline  has changed.
               Check if current package is valid.

) (c:/texlive/2021/texmf-dist/tex/latex/geometry/geometry.sty
Package: geometry 2020/01/02 v5.9 Page Geometry

(c:/texlive/2021/texmf-dist/tex/generic/iftex/ifvtex.sty
Package: ifvtex 2019/10/25 v1.7 ifvtex legacy package. Use iftex instead.
)
\Gm@cnth=\count299
\Gm@cntv=\count300
\c@Gm@tempcnt=\count301
\Gm@bindingoffset=\dimen188
\Gm@wd@mp=\dimen189
\Gm@odd@mp=\dimen190
\Gm@even@mp=\dimen191
\Gm@layoutwidth=\dimen192
\Gm@layoutheight=\dimen193
\Gm@layouthoffset=\dimen194
\Gm@layoutvoffset=\dimen195
\Gm@dimlist=\toks34
)
(c:/texlive/2021/texmf-dist/tex/latex/fancyhdr/fancyhdr.sty
Package: fancyhdr 2021/01/28 v4.0.1 Extensive control of page headers and foote
rs
\f@nch@headwidth=\skip82
\f@nch@O@elh=\skip83
\f@nch@O@erh=\skip84
\f@nch@O@olh=\skip85
\f@nch@O@orh=\skip86
\f@nch@O@elf=\skip87
\f@nch@O@erf=\skip88
\f@nch@O@olf=\skip89
\f@nch@O@orf=\skip90
)
(c:/texlive/2021/texmf-dist/tex/latex/natbib/natbib.sty
Package: natbib 2010/09/13 8.31b (PWD, AO)
\bibhang=\skip91
\bibsep=\skip92
LaTeX Info: Redefining \cite on input line 694.
\c@NAT@ctr=\count302
)
(c:/texlive/2021/texmf-dist/tex/latex/tocloft/tocloft.sty
Package: tocloft 2017/08/31 v2.3i parameterised ToC, etc., typesetting
Package tocloft Info: The document has chapter divisions on input line 51.
\cftparskip=\skip93
\cftbeforetoctitleskip=\skip94
\cftaftertoctitleskip=\skip95
\cftbeforepartskip=\skip96
\cftpartnumwidth=\skip97
\cftpartindent=\skip98
\cftbeforechapskip=\skip99
\cftchapindent=\skip100
\cftchapnumwidth=\skip101
\cftbeforesecskip=\skip102
\cftsecindent=\skip103
\cftsecnumwidth=\skip104
\cftbeforesubsecskip=\skip105
\cftsubsecindent=\skip106
\cftsubsecnumwidth=\skip107
\cftbeforesubsubsecskip=\skip108
\cftsubsubsecindent=\skip109
\cftsubsubsecnumwidth=\skip110
\cftbeforeparaskip=\skip111
\cftparaindent=\skip112
\cftparanumwidth=\skip113
\cftbeforesubparaskip=\skip114
\cftsubparaindent=\skip115
\cftsubparanumwidth=\skip116
\cftbeforeloftitleskip=\skip117
\cftafterloftitleskip=\skip118
\cftbeforefigskip=\skip119
\cftfigindent=\skip120
\cftfignumwidth=\skip121
\c@lofdepth=\count303
\c@lotdepth=\count304
\cftbeforelottitleskip=\skip122
\cftafterlottitleskip=\skip123
\cftbeforetabskip=\skip124
\cfttabindent=\skip125
\cfttabnumwidth=\skip126
)
\@indexfile=\write4
\openout4 = `refman.idx'.


Writing index file refman.idx
(c:/texlive/2021/texmf-dist/tex/latex/newunicodechar/newunicodechar.sty
Package: newunicodechar 2018/04/08 v1.2 Defining Unicode characters
)

Package newunicodechar Warning: Redefining Unicode character on input line 116.



Package newunicodechar Warning: Redefining Unicode character on input line 117.


(c:/texlive/2021/texmf-dist/tex/latex/hyperref/hyperref.sty
Package: hyperref 2021-06-07 v7.00m Hypertext links for LaTeX

(c:/texlive/2021/texmf-dist/tex/generic/ltxcmds/ltxcmds.sty
Package: ltxcmds 2020-05-10 v1.25 LaTeX kernel commands for general use (HO)
)
(c:/texlive/2021/texmf-dist/tex/generic/pdftexcmds/pdftexcmds.sty
Package: pdftexcmds 2020-06-27 v0.33 Utility functions of pdfTeX for LuaTeX (HO
)
Package pdftexcmds Info: \pdf@primitive is available.
Package pdftexcmds Info: \pdf@ifprimitive is available.
Package pdftexcmds Info: \pdfdraftmode found.
)
(c:/texlive/2021/texmf-dist/tex/generic/kvsetkeys/kvsetkeys.sty
Package: kvsetkeys 2019/12/15 v1.18 Key value parser (HO)
)
(c:/texlive/2021/texmf-dist/tex/generic/kvdefinekeys/kvdefinekeys.sty
Package: kvdefinekeys 2019-12-19 v1.6 Define keys (HO)
)
(c:/texlive/2021/texmf-dist/tex/generic/pdfescape/pdfescape.sty
Package: pdfescape 2019/12/09 v1.15 Implements pdfTeX's escape features (HO)
)
(c:/texlive/2021/texmf-dist/tex/latex/hycolor/hycolor.sty
Package: hycolor 2020-01-27 v1.10 Color options for hyperref/bookmark (HO)
)
(c:/texlive/2021/texmf-dist/tex/latex/letltxmacro/letltxmacro.sty
Package: letltxmacro 2019/12/03 v1.6 Let assignment for LaTeX macros (HO)
)
(c:/texlive/2021/texmf-dist/tex/latex/auxhook/auxhook.sty
Package: auxhook 2019-12-17 v1.6 Hooks for auxiliary files (HO)
)
(c:/texlive/2021/texmf-dist/tex/latex/kvoptions/kvoptions.sty
Package: kvoptions 2020-10-07 v3.14 Key value format for package options (HO)
)
\@linkdim=\dimen196
\Hy@linkcounter=\count305
\Hy@pagecounter=\count306

(c:/texlive/2021/texmf-dist/tex/latex/hyperref/pd1enc.def
File: pd1enc.def 2021-06-07 v7.00m Hyperref: PDFDocEncoding definition (HO)
Now handling font encoding PD1 ...
... no UTF-8 mapping file for font encoding PD1
)
(c:/texlive/2021/texmf-dist/tex/latex/hyperref/hyperref-langpatches.def
File: hyperref-langpatches.def 2021-06-07 v7.00m Hyperref: patches for babel la
nguages
)
(c:/texlive/2021/texmf-dist/tex/generic/etexcmds/etexcmds.sty
Package: etexcmds 2019/12/15 v1.7 Avoid name clashes with e-TeX commands (HO)
)
\Hy@SavedSpaceFactor=\count307

(c:/texlive/2021/texmf-dist/tex/latex/hyperref/puenc.def
File: puenc.def 2021-06-07 v7.00m Hyperref: PDF Unicode definition (HO)
Now handling font encoding PU ...
... no UTF-8 mapping file for font encoding PU
)
Package hyperref Info: Hyper figures OFF on input line 4192.
Package hyperref Info: Link nesting OFF on input line 4197.
Package hyperref Info: Hyper index ON on input line 4200.
Package hyperref Info: Plain pages OFF on input line 4207.
Package hyperref Info: Backreferencing ON on input line 4210.
Package hyperref Info: Implicit mode ON; LaTeX internals redefined.
Package hyperref Info: Bookmarks ON on input line 4445.

(c:/texlive/2021/texmf-dist/tex/latex/hyperref/backref.sty
Package: backref 2021/02/04 v1.41 Bibliographical back referencing

(c:/texlive/2021/texmf-dist/tex/latex/rerunfilecheck/rerunfilecheck.sty
Package: rerunfilecheck 2019/12/05 v1.9 Rerun checks for auxiliary files (HO)

(c:/texlive/2021/texmf-dist/tex/latex/base/atveryend-ltx.sty
Package: atveryend-ltx 2020/08/19 v1.0a Emulation of the original atvery packag
e
with kernel methods
)
(c:/texlive/2021/texmf-dist/tex/generic/uniquecounter/uniquecounter.sty
Package: uniquecounter 2019/12/15 v1.4 Provide unlimited unique counter (HO)

(c:/texlive/2021/texmf-dist/tex/generic/bigintcalc/bigintcalc.sty
Package: bigintcalc 2019/12/15 v1.5 Expandable calculations on big integers (HO
)
))
Package uniquecounter Info: New unique counter `rerunfilecheck' on input line 2
86.
))
\c@Hy@tempcnt=\count308

(c:/texlive/2021/texmf-dist/tex/latex/url/url.sty
\Urlmuskip=\muskip16
Package: url 2013/09/16  ver 3.4  Verb mode for urls, etc.
)
LaTeX Info: Redefining \url on input line 4804.
\XeTeXLinkMargin=\dimen197

(c:/texlive/2021/texmf-dist/tex/generic/bitset/bitset.sty
Package: bitset 2019/12/09 v1.3 Handle bit-vector datatype (HO)
)
\Fld@menulength=\count309
\Field@Width=\dimen198
\Fld@charsize=\dimen199
Package hyperref Info: Hyper figures OFF on input line 6076.
Package hyperref Info: Link nesting OFF on input line 6081.
Package hyperref Info: Hyper index ON on input line 6084.
Package hyperref Info: backreferencing ON on input line 6089.
Package hyperref Info: Link coloring OFF on input line 6096.
Package hyperref Info: Link coloring with OCG OFF on input line 6101.
Package hyperref Info: PDF/A mode OFF on input line 6106.
LaTeX Info: Redefining \ref on input line 6146.
LaTeX Info: Redefining \pageref on input line 6150.

(c:/texlive/2021/texmf-dist/tex/latex/base/atbegshi-ltx.sty
Package: atbegshi-ltx 2021/01/10 v1.0c Emulation of the original atbegshi
package with kernel methods
)
\Hy@abspage=\count310
\c@Item=\count311
\c@Hfootnote=\count312


LaTeX Warning: Command \LT@p@ftntext  has changed.
               Check if current package is valid.

)
Package hyperref Info: Driver: hpdftex.
 (c:/texlive/2021/texmf-dist/tex/latex/hyperref/hpdftex.def
File: hpdftex.def 2021-06-07 v7.00m Hyperref driver for pdfTeX
\Fld@listcount=\count313
\c@bookmark@seq@number=\count314
\Hy@SectionHShift=\skip127
)
Package hyperref Info: Option `colorlinks' set `true' on input line 134.
Package hyperref Info: Option `unicode' set `true' on input line 134.

(c:/texlive/2021/texmf-dist/tex/latex/caption/caption.sty
Package: caption 2020/10/26 v3.5g Customizing captions (AR)

(c:/texlive/2021/texmf-dist/tex/latex/caption/caption3.sty
Package: caption3 2020/10/21 v2.2e caption3 kernel (AR)
\captionmargin=\dimen256
\captionmargin@=\dimen257
\captionwidth=\dimen258
\caption@tempdima=\dimen259
\caption@indent=\dimen260
\caption@parindent=\dimen261
\caption@hangindent=\dimen262
Package caption Info: Standard document class detected.
)
\c@caption@flags=\count315
\c@continuedfloat=\count316
Package caption Info: float package is loaded.
Package caption Info: hyperref package is loaded.
Package caption Info: longtable package is loaded.

(c:/texlive/2021/texmf-dist/tex/latex/caption/ltcaption.sty
Package: ltcaption 2020/05/30 v1.4b longtable captions (AR)
))
(c:/texlive/2021/texmf-dist/tex/latex/etoc/etoc.sty
Package: etoc 2021/07/13 v1.09d Completely customisable TOCs (JFB)
\Etoc@toctoks=\toks35
\c@etoc@tocid=\count317
\c@etoc@tocdepth=\count318
\etoc@framed@titlebox=\box120
\etoc@framed@contentsbox=\box121
)
LaTeX Font Info:    Trying to load font information for T1+phv on input line 15
0.

(c:/texlive/2021/texmf-dist/tex/latex/psnfss/t1phv.fd
File: t1phv.fd 2020/03/25 scalable font definitions for T1/phv.
)
LaTeX Font Info:    Font shape `T1/phv/m/n' will be
(Font)              scaled to size 8.99994pt on input line 150.

(c:/texlive/2021/texmf-dist/tex/latex/l3backend/l3backend-pdftex.def
File: l3backend-pdftex.def 2021-08-04 L3 backend support: PDF output (pdfTeX)
\l__color_backend_stack_int=\count319
\l__pdf_internal_box=\box122
)
(./refman.aux)
\openout1 = `refman.aux'.

LaTeX Font Info:    Checking defaults for OML/cmm/m/it on input line 150.
LaTeX Font Info:    ... okay on input line 150.
LaTeX Font Info:    Checking defaults for OMS/cmsy/m/n on input line 150.
LaTeX Font Info:    ... okay on input line 150.
LaTeX Font Info:    Checking defaults for OT1/cmr/m/n on input line 150.
LaTeX Font Info:    ... okay on input line 150.
LaTeX Font Info:    Checking defaults for T1/cmr/m/n on input line 150.
LaTeX Font Info:    ... okay on input line 150.
LaTeX Font Info:    Checking defaults for TS1/cmr/m/n on input line 150.
LaTeX Font Info:    ... okay on input line 150.
LaTeX Font Info:    Checking defaults for OMX/cmex/m/n on input line 150.
LaTeX Font Info:    ... okay on input line 150.
LaTeX Font Info:    Checking defaults for U/cmr/m/n on input line 150.
LaTeX Font Info:    ... okay on input line 150.
LaTeX Font Info:    Checking defaults for PD1/pdf/m/n on input line 150.
LaTeX Font Info:    ... okay on input line 150.
LaTeX Font Info:    Checking defaults for PU/pdf/m/n on input line 150.
LaTeX Font Info:    ... okay on input line 150.
 (c:/texlive/2021/texmf-dist/tex/context/base/mkii/supp-pdf.mkii
[Loading MPS to PDF converter (version 2006.09.02).]
\scratchcounter=\count320
\scratchdimen=\dimen263
\scratchbox=\box123
\nofMPsegments=\count321
\nofMParguments=\count322
\everyMPshowfont=\toks36
\MPscratchCnt=\count323
\MPscratchDim=\dimen264
\MPnumerator=\count324
\makeMPintoPDFobject=\count325
\everyMPtoPDFconversion=\toks37
) (c:/texlive/2021/texmf-dist/tex/latex/epstopdf-pkg/epstopdf-base.sty
Package: epstopdf-base 2020-01-24 v2.11 Base part for package epstopdf
Package epstopdf-base Info: Redefining graphics rule for `.eps' on input line 4
85.

(c:/texlive/2021/texmf-dist/tex/latex/latexconfig/epstopdf-sys.cfg
File: epstopdf-sys.cfg 2010/07/13 v1.3 Configuration of (r)epstopdf for TeX Liv
e
))
*geometry* driver: auto-detecting
*geometry* detected driver: pdftex
*geometry* verbose mode - [ preamble ] result:
* driver: pdftex
* paper: a4paper
* layout: <same size as paper>
* layoutoffset:(h,v)=(0.0pt,0.0pt)
* modes: twoside 
* h-part:(L,W,R)=(71.13188pt, 455.24411pt, 71.13188pt)
* v-part:(T,H,B)=(71.13188pt, 702.78308pt, 71.13188pt)
* \paperwidth=597.50787pt
* \paperheight=845.04684pt
* \textwidth=455.24411pt
* \textheight=702.78308pt
* \oddsidemargin=-1.1381pt
* \evensidemargin=-1.1381pt
* \topmargin=-31.2056pt
* \headheight=12.0pt
* \headsep=18.06749pt
* \topskip=10.0pt
* \footskip=25.29494pt
* \marginparwidth=125.0pt
* \marginparsep=7.0pt
* \columnsep=10.0pt
* \skip\footins=9.0pt plus 4.0pt minus 2.0pt
* \hoffset=0.0pt
* \voffset=0.0pt
* \mag=1000
* \@twocolumnfalse
* \@twosidetrue
* \@mparswitchtrue
* \@reversemarginfalse
* (1in=72.27pt=25.4mm, 1cm=28.453pt)

Package hyperref Info: Link coloring ON on input line 150.
(c:/texlive/2021/texmf-dist/tex/latex/hyperref/nameref.sty
Package: nameref 2021-04-02 v2.47 Cross-referencing by name of section

(c:/texlive/2021/texmf-dist/tex/latex/refcount/refcount.sty
Package: refcount 2019/12/15 v3.6 Data extraction from label references (HO)
)
(c:/texlive/2021/texmf-dist/tex/generic/gettitlestring/gettitlestring.sty
Package: gettitlestring 2019/12/15 v1.6 Cleanup title references (HO)
)
\c@section@level=\count326
)
LaTeX Info: Redefining \ref on input line 150.
LaTeX Info: Redefining \pageref on input line 150.
LaTeX Info: Redefining \nameref on input line 150.

(./refman.out) (./refman.out)
\@outlinefile=\write5
\openout5 = `refman.out'.

Package backref Info: ** backref set up for natbib ** on input line 150.
Package caption Info: Begin \AtBeginDocument code.
Package caption Info: End \AtBeginDocument code.
\Etoc@tf=\read4
Package hyperref Info: Option `pageanchor' set `false' on input line 158.
Package hyperref Info: Option `bookmarksnumbered' set `true' on input line 158.

Package hyperref Info: Option `unicode' set `true' on input line 158.
LaTeX Font Info:    Font shape `T1/phv/m/n' will be
(Font)              scaled to size 12.9599pt on input line 163.
LaTeX Font Info:    Font shape `T1/phv/m/n' will be
(Font)              scaled to size 6.29996pt on input line 163.
LaTeX Font Info:    Trying to load font information for U+msa on input line 163
.

(c:/texlive/2021/texmf-dist/tex/latex/amsfonts/umsa.fd
File: umsa.fd 2013/01/14 v3.01 AMS symbols A
)
LaTeX Font Info:    Trying to load font information for U+msb on input line 163
.

(c:/texlive/2021/texmf-dist/tex/latex/amsfonts/umsb.fd
File: umsb.fd 2013/01/14 v3.01 AMS symbols B
)
LaTeX Font Info:    Trying to load font information for U+wasy on input line 16
3.

(c:/texlive/2021/texmf-dist/tex/latex/wasysym/uwasy.fd
File: uwasy.fd 2020/01/19 v2.4 Wasy-2 symbol font definitions
)
LaTeX Font Info:    Font shape `T1/phv/m/n' will be
(Font)              scaled to size 10.79993pt on input line 165.
 [1


{c:/texlive/2021/texmf-var/fonts/map/pdftex/updmap/pdftex.map}] [2

]
\tf@toc=\write6
\openout6 = `refman.toc'.

LaTeX Font Info:    Font shape `T1/phv/b/n' will be
(Font)              scaled to size 8.99994pt on input line 171.
LaTeX Font Info:    Font shape `T1/phv/b/n' will be
(Font)              scaled to size 6.29996pt on input line 171.
 [1]
LaTeX Font Info:    Font shape `T1/phv/m/n' will be
(Font)              scaled to size 7.19995pt on input line 171.
LaTeX Font Info:    Trying to load font information for T1+pcr on input line 17
1.

(c:/texlive/2021/texmf-dist/tex/latex/psnfss/t1pcr.fd
File: t1pcr.fd 2001/06/04 font definitions for T1/pcr.
) [2] [3] [4] [5]
Underfull \hbox (badness 10000) in paragraph at lines 171--171
 [][] [][]\T1/phv/m/n/10 6.1 D[]:/[]Documents/[]Final/[]Mandelbrot[]_[][]Cpp[]_
[][]Final/cmake-build-debug/[]CMake[]Files/3.21.1/[]Compiler[]Id[]C/[] 
 []

[6]
Underfull \hbox (badness 10000) in paragraph at lines 171--171
 [][] [][]\T1/phv/m/n/10 6.3 D[]:/[]Documents/[]Final/[]Mandelbrot[]_[][]Cpp[]_
[][]Final/cmake-build-debug/[]CMake[]Files/3.21.1/[]Compiler[]Id[] 
 []


Underfull \hbox (badness 10000) in paragraph at lines 171--171
 [][] [][]\T1/phv/m/n/10 6.5 D[]:/[]Documents/[]Final/[]Mandelbrot[]_[][]Cpp[]_
[][]Final/cmake-build-debug/[]CMake[]Files/[]Find[]Open[]MP/[]Open[] 
 []


Underfull \hbox (badness 10000) in paragraph at lines 171--171
 [][] [][]\T1/phv/m/n/10 6.7 D[]:/[]Documents/[]Final/[]Mandelbrot[]_[][]Cpp[]_
[][]Final/cmake-build-debug/[]CMake[]Files/[]Find[]Open[]MP/[]Open[] 
 []


Underfull \hbox (badness 10000) in paragraph at lines 171--171
 [][] [][]\T1/phv/m/n/10 6.9 D[]:/[]Documents/[]Final/[]Mandelbrot[]_[][]Cpp[]_
[][]Final/cmake-build-debug/[]CMake[]Files/[]Find[]Open[]MP/[]Open[] 
 []

[7]
Underfull \hbox (badness 10000) in paragraph at lines 171--171
 [][] [][]\T1/phv/m/n/10 6.11 D[]:/[]Documents/[]Final/[]Mandelbrot[]_[][]Cpp[]
_[][]Final/cmake-build-debug/[]CMake[]Files/[]Find[]Open[]MP/[]Open[] 
 []

[8] [9] [10

]
Package hyperref Info: Option `pageanchor' set `true' on input line 174.

Chapter 1.
LaTeX Font Info:    Font shape `T1/phv/m/n' will be
(Font)              scaled to size 18.66588pt on input line 176.
LaTeX Font Info:    Font shape `T1/phv/b/n' will be
(Font)              scaled to size 18.66588pt on input line 176.
LaTeX Font Info:    Font shape `T1/phv/bc/n' will be
(Font)              scaled to size 18.66588pt on input line 176.
LaTeX Font Info:    Font shape `T1/phv/m/n' will be
(Font)              scaled to size 22.39185pt on input line 176.
LaTeX Font Info:    Font shape `T1/phv/b/n' will be
(Font)              scaled to size 22.39185pt on input line 176.
LaTeX Font Info:    Font shape `T1/phv/bc/n' will be
(Font)              scaled to size 22.39185pt on input line 176.
(./md__d___documents__final__mandelbrot__cpp__final__r_e_a_d_m_e.tex
Underfull \hbox (badness 10000) in paragraph at lines 3--4

 []


Underfull \hbox (badness 10000) in paragraph at lines 12--15

 []


Underfull \hbox (badness 10000) in paragraph at lines 12--15

 []

LaTeX Font Info:    Trying to load font information for TS1+phv on input line 1
7.
(c:/texlive/2021/texmf-dist/tex/latex/psnfss/ts1phv.fd
File: ts1phv.fd 2020/03/25 scalable font definitions for TS1/phv.
)
LaTeX Font Info:    Font shape `TS1/phv/m/n' will be
(Font)              scaled to size 8.99994pt on input line 17.
LaTeX Font Info:    Font shape `T1/phv/b/n' will be
(Font)              scaled to size 12.9599pt on input line 17.
LaTeX Font Info:    Font shape `T1/phv/m/it' in size <10> not available
(Font)              Font shape `T1/phv/m/sl' tried instead on input line 22.
LaTeX Font Info:    Font shape `T1/phv/m/sl' will be
(Font)              scaled to size 8.99994pt on input line 22.
LaTeX Font Info:    Trying to load font information for TS1+pcr on input line 2
2.

(c:/texlive/2021/texmf-dist/tex/latex/psnfss/ts1pcr.fd
File: ts1pcr.fd 2001/06/04 font definitions for TS1/pcr.
)
LaTeX Font Info:    Font shape `T1/phv/b/n' will be
(Font)              scaled to size 10.79993pt on input line 22.
 [1

] [2]) [3] [4

]
Chapter 2.
(./hierarchy.tex) [5] [6

]
Chapter 3.
(./annotated.tex) [7] [8

]
Chapter 4.
(./files.tex
Overfull \hbox (50.65268pt too wide) in paragraph at lines 3--3
 [][] \T1/phv/m/n/10 D[]:/[]Documents/[]Final/[]Mandelbrot[]_[][]Cpp[]_[][]Fina
l/cmake-build-debug/[]CMake[]Files/3.[]21.[]1/[]Compiler[]Id[]C/[] 
 []


Underfull \hbox (badness 10000) in paragraph at lines 3--3
 []  
 []


Overfull \hbox (84.67203pt too wide) in paragraph at lines 4--4
 [][] \T1/phv/m/n/10 D[]:/[]Documents/[]Final/[]Mandelbrot[]_[][]Cpp[]_[][]Fina
l/cmake-build-debug/[]CMake[]Files/3.[]21.[]1/[]Compiler[]Id[]CXX/[] 
 []


Underfull \hbox (badness 10000) in paragraph at lines 4--4
 []  
 []


Overfull \hbox (38.44919pt too wide) in paragraph at lines 5--5
 [][] \T1/phv/m/n/10 D[]:/[]Documents/[]Final/[]Mandelbrot[]_[][]Cpp[]_[][]Fina
l/cmake-build-debug/[]CMake[]Files/[]Find[]Open[]MP/[] 
 []


Underfull \hbox (badness 10000) in paragraph at lines 5--5
 []  
 []


Overfull \hbox (48.457pt too wide) in paragraph at lines 6--6
 [][] \T1/phv/m/n/10 D[]:/[]Documents/[]Final/[]Mandelbrot[]_[][]Cpp[]_[][]Fina
l/cmake-build-debug/[]CMake[]Files/[]Find[]Open[]MP/[] 
 []


Underfull \hbox (badness 10000) in paragraph at lines 6--6
 []  
 []


Underfull \hbox (badness 10000) in paragraph at lines 7--7
 []  
 []


Overfull \hbox (23.0323pt too wide) in paragraph at lines 8--8
 [][] \T1/phv/m/n/10 D[]:/[]Documents/[]Final/[]Mandelbrot[]_[][]Cpp[]_[][]Fina
l/cmake-build-debug/[]CMake[]Files/[]Find[]Open[]MP/[] 
 []


Underfull \hbox (badness 10000) in paragraph at lines 8--8
 []  
 []

) [9] [10

]
Chapter 5.
(./class_colorization.tex <./class_colorization__inherit__graph.pdf

pdfTeX warning: pdflatex.exe (file ./class_colorization__inherit__graph.pdf): P
DF inclusion: multiple pdfs with page group included in a single page
>
<class_colorization__inherit__graph.pdf, id=2054, 574.145pt x 669.50125pt>
File: class_colorization__inherit__graph.pdf Graphic file (type pdf)
<use class_colorization__inherit__graph.pdf>
Package pdftex.def Info: class_colorization__inherit__graph.pdf  used on input 
line 14.
(pdftex.def)             Requested size: 350.0pt x 408.13977pt.
 <./class_colorization__coll__graph.pdf

pdfTeX warning: pdflatex.exe (file ./class_colorization__coll__graph.pdf): PDF 
inclusion: multiple pdfs with page group included in a single page
>
<class_colorization__coll__graph.pdf, id=2062, 262.9825pt x 226.8475pt>
File: class_colorization__coll__graph.pdf Graphic file (type pdf)
<use class_colorization__coll__graph.pdf>
Package pdftex.def Info: class_colorization__coll__graph.pdf  used on input lin
e 24.
(pdftex.def)             Requested size: 262.0pt x 226.00928pt.
 [11]
LaTeX Font Info:    Font shape `T1/pcr/m/it' in size <8> not available
(Font)              Font shape `T1/pcr/m/sl' tried instead on input line 72.
 [12]
Underfull \hbox (badness 10000) detected at line 118
[][][]
 []

[13]) (./class_inside_color.tex <./class_inside_color__inherit__graph.pdf

pdfTeX warning: pdflatex.exe (file ./class_inside_color__inherit__graph.pdf): P
DF inclusion: multiple pdfs with page group included in a single page
>
<class_inside_color__inherit__graph.pdf, id=2142, 262.9825pt x 614.295pt>
File: class_inside_color__inherit__graph.pdf Graphic file (type pdf)
<use class_inside_color__inherit__graph.pdf>
Package pdftex.def Info: class_inside_color__inherit__graph.pdf  used on input 
line 14.
(pdftex.def)             Requested size: 235.47018pt x 550.0pt.
 [14] <./class_inside_color__coll__graph.pdf

pdfTeX warning: pdflatex.exe (file ./class_inside_color__coll__graph.pdf): PDF 
inclusion: multiple pdfs with page group included in a single page
>
<class_inside_color__coll__graph.pdf, id=2157, 262.9825pt x 614.295pt>
File: class_inside_color__coll__graph.pdf Graphic file (type pdf)
<use class_inside_color__coll__graph.pdf>
Package pdftex.def Info: class_inside_color__coll__graph.pdf  used on input lin
e 24.
(pdftex.def)             Requested size: 235.47018pt x 550.0pt.
 [15] [16] <./class_inside_color_ac117ff57285f151033daec1899bf7240_icgraph.pdf>
<class_inside_color_ac117ff57285f151033daec1899bf7240_icgraph.pdf, id=2203, 440
.64626pt x 100.375pt>
File: class_inside_color_ac117ff57285f151033daec1899bf7240_icgraph.pdf Graphic 
file (type pdf)
<use class_inside_color_ac117ff57285f151033daec1899bf7240_icgraph.pdf>
Package pdftex.def Info: class_inside_color_ac117ff57285f151033daec1899bf7240_i
cgraph.pdf  used on input line 125.
(pdftex.def)             Requested size: 350.0pt x 79.7288pt.
 [17]) (./class_line_color.tex <./class_line_color__inherit__graph.pdf

pdfTeX warning: pdflatex.exe (file ./class_line_color__inherit__graph.pdf): PDF
 inclusion: multiple pdfs with page group included in a single page
>
<class_line_color__inherit__graph.pdf, id=2239, 262.9825pt x 614.295pt>
File: class_line_color__inherit__graph.pdf Graphic file (type pdf)
<use class_line_color__inherit__graph.pdf>
Package pdftex.def Info: class_line_color__inherit__graph.pdf  used on input li
ne 14.
(pdftex.def)             Requested size: 235.47018pt x 550.0pt.
 [18] <./class_line_color__coll__graph.pdf>
<class_line_color__coll__graph.pdf, id=2268, 262.9825pt x 614.295pt>
File: class_line_color__coll__graph.pdf Graphic file (type pdf)
<use class_line_color__coll__graph.pdf>
Package pdftex.def Info: class_line_color__coll__graph.pdf  used on input line 
24.
(pdftex.def)             Requested size: 235.47018pt x 550.0pt.
 [19] [20] <./class_line_color_a1c7f8b57b43cc635ff48078fe7160294_icgraph.pdf>
<class_line_color_a1c7f8b57b43cc635ff48078fe7160294_icgraph.pdf, id=2315, 432.6
1626pt x 100.375pt>
File: class_line_color_a1c7f8b57b43cc635ff48078fe7160294_icgraph.pdf Graphic fi
le (type pdf)
<use class_line_color_a1c7f8b57b43cc635ff48078fe7160294_icgraph.pdf>
Package pdftex.def Info: class_line_color_a1c7f8b57b43cc635ff48078fe7160294_icg
raph.pdf  used on input line 125.
(pdftex.def)             Requested size: 350.0pt x 81.20985pt.
 [21]) (./class_mandelbrot.tex <./class_mandelbrot__coll__graph.pdf

pdfTeX warning: pdflatex.exe (file ./class_mandelbrot__coll__graph.pdf): PDF in
clusion: multiple pdfs with page group included in a single page
>
<class_mandelbrot__coll__graph.pdf, id=2349, 262.9825pt x 1167.36125pt>
File: class_mandelbrot__coll__graph.pdf Graphic file (type pdf)
<use class_mandelbrot__coll__graph.pdf>
Package pdftex.def Info: class_mandelbrot__coll__graph.pdf  used on input line 
14.
(pdftex.def)             Requested size: 123.90675pt x 550.0pt.
 [22] [23] [24]
LaTeX Font Info:    Font shape `T1/phv/b/n' will be
(Font)              scaled to size 7.19995pt on input line 139.
 [25]
LaTeX Font Info:    Font shape `T1/pcr/m/it' in size <7> not available
(Font)              Font shape `T1/pcr/m/sl' tried instead on input line 243.
 [26] <./class_mandelbrot_a76825979f594a808d7acf6c457d5bb41_cgraph.pdf

pdfTeX warning: pdflatex.exe (file ./class_mandelbrot_a76825979f594a808d7acf6c4
57d5bb41_cgraph.pdf): PDF inclusion: multiple pdfs with page group included in 
a single page
>
<class_mandelbrot_a76825979f594a808d7acf6c457d5bb41_cgraph.pdf, id=2674, 361.35
pt x 214.8025pt>
File: class_mandelbrot_a76825979f594a808d7acf6c457d5bb41_cgraph.pdf Graphic fil
e (type pdf)
<use class_mandelbrot_a76825979f594a808d7acf6c457d5bb41_cgraph.pdf>
Package pdftex.def Info: class_mandelbrot_a76825979f594a808d7acf6c457d5bb41_cgr
aph.pdf  used on input line 312.
(pdftex.def)             Requested size: 350.0pt x 208.05663pt.
 <./class_mandelbrot_a76825979f594a808d7acf6c457d5bb41_icgraph.pdf

pdfTeX warning: pdflatex.exe (file ./class_mandelbrot_a76825979f594a808d7acf6c4
57d5bb41_icgraph.pdf): PDF inclusion: multiple pdfs with page group included in
 a single page
>
<class_mandelbrot_a76825979f594a808d7acf6c457d5bb41_icgraph.pdf, id=2682, 393.4
7pt x 100.375pt>
File: class_mandelbrot_a76825979f594a808d7acf6c457d5bb41_icgraph.pdf Graphic fi
le (type pdf)
<use class_mandelbrot_a76825979f594a808d7acf6c457d5bb41_icgraph.pdf>
Package pdftex.def Info: class_mandelbrot_a76825979f594a808d7acf6c457d5bb41_icg
raph.pdf  used on input line 320.
(pdftex.def)             Requested size: 350.0pt x 89.28444pt.
 [27]
Underfull \hbox (badness 10000) detected at line 329
[][][]
 []

 <./class_mandelbrot_a090bd38cc1f5b2770ada8d544e5ec24d_cgraph.pdf>
<class_mandelbrot_a090bd38cc1f5b2770ada8d544e5ec24d_cgraph.pdf, id=2741, 675.52
374pt x 214.8025pt>
File: class_mandelbrot_a090bd38cc1f5b2770ada8d544e5ec24d_cgraph.pdf Graphic fil
e (type pdf)
<use class_mandelbrot_a090bd38cc1f5b2770ada8d544e5ec24d_cgraph.pdf>
Package pdftex.def Info: class_mandelbrot_a090bd38cc1f5b2770ada8d544e5ec24d_cgr
aph.pdf  used on input line 364.
(pdftex.def)             Requested size: 350.0pt x 111.29478pt.
 <./class_mandelbrot_a090bd38cc1f5b2770ada8d544e5ec24d_icgraph.pdf

pdfTeX warning: pdflatex.exe (file ./class_mandelbrot_a090bd38cc1f5b2770ada8d54
4e5ec24d_icgraph.pdf): PDF inclusion: multiple pdfs with page group included in
 a single page
>
<class_mandelbrot_a090bd38cc1f5b2770ada8d544e5ec24d_icgraph.pdf, id=2749, 277.0
35pt x 100.375pt>
File: class_mandelbrot_a090bd38cc1f5b2770ada8d544e5ec24d_icgraph.pdf Graphic fi
le (type pdf)
<use class_mandelbrot_a090bd38cc1f5b2770ada8d544e5ec24d_icgraph.pdf>
Package pdftex.def Info: class_mandelbrot_a090bd38cc1f5b2770ada8d544e5ec24d_icg
raph.pdf  used on input line 372.
(pdftex.def)             Requested size: 276.0pt x 100.00102pt.

Overfull \hbox (1.47571pt too wide) in paragraph at lines 1--1
[]\T1/phv/m/sl/10 px[] 
 []


Overfull \hbox (1.20576pt too wide) in paragraph at lines 3--3
[]\T1/phv/m/sl/10 py[] 
 []

[28] <./class_mandelbrot_a3431562e78971089a36321e681782142_icgraph.pdf>
<class_mandelbrot_a3431562e78971089a36321e681782142_icgraph.pdf, id=2789, 281.0
5pt x 100.375pt>
File: class_mandelbrot_a3431562e78971089a36321e681782142_icgraph.pdf Graphic fi
le (type pdf)
<use class_mandelbrot_a3431562e78971089a36321e681782142_icgraph.pdf>
Package pdftex.def Info: class_mandelbrot_a3431562e78971089a36321e681782142_icg
raph.pdf  used on input line 405.
(pdftex.def)             Requested size: 280.0pt x 100.00562pt.
 <./class_mandelbrot_aa8f96ce6e09c56fe42ef9149f3ac3378_icgraph.pdf

pdfTeX warning: pdflatex.exe (file ./class_mandelbrot_aa8f96ce6e09c56fe42ef9149
f3ac3378_icgraph.pdf): PDF inclusion: multiple pdfs with page group included in
 a single page
>
<class_mandelbrot_aa8f96ce6e09c56fe42ef9149f3ac3378_icgraph.pdf, id=2803, 570.1
3pt x 100.375pt>
File: class_mandelbrot_aa8f96ce6e09c56fe42ef9149f3ac3378_icgraph.pdf Graphic fi
le (type pdf)
<use class_mandelbrot_aa8f96ce6e09c56fe42ef9149f3ac3378_icgraph.pdf>
Package pdftex.def Info: class_mandelbrot_aa8f96ce6e09c56fe42ef9149f3ac3378_icg
raph.pdf  used on input line 430.
(pdftex.def)             Requested size: 350.0pt x 61.6192pt.
 <./class_mandelbrot_adff783af3abb4df68cc0e5cc410b8ccb_icgraph.pdf

pdfTeX warning: pdflatex.exe (file ./class_mandelbrot_adff783af3abb4df68cc0e5cc
410b8ccb_icgraph.pdf): PDF inclusion: multiple pdfs with page group included in
 a single page
>
<class_mandelbrot_adff783af3abb4df68cc0e5cc410b8ccb_icgraph.pdf, id=2829, 249.9
3375pt x 100.375pt>
File: class_mandelbrot_adff783af3abb4df68cc0e5cc410b8ccb_icgraph.pdf Graphic fi
le (type pdf)
<use class_mandelbrot_adff783af3abb4df68cc0e5cc410b8ccb_icgraph.pdf>
Package pdftex.def Info: class_mandelbrot_adff783af3abb4df68cc0e5cc410b8ccb_icg
raph.pdf  used on input line 457.
(pdftex.def)             Requested size: 249.0pt x 100.00409pt.
 [29]
Underfull \hbox (badness 10000) detected at line 466
[][][]
 []

 <./class_mandelbrot_ab3b5bab7a2c9021766063e29fd907558_icgraph.pdf>
<class_mandelbrot_ab3b5bab7a2c9021766063e29fd907558_icgraph.pdf, id=2858, 381.4
25pt x 100.375pt>
File: class_mandelbrot_ab3b5bab7a2c9021766063e29fd907558_icgraph.pdf Graphic fi
le (type pdf)
<use class_mandelbrot_ab3b5bab7a2c9021766063e29fd907558_icgraph.pdf>
Package pdftex.def Info: class_mandelbrot_ab3b5bab7a2c9021766063e29fd907558_icg
raph.pdf  used on input line 485.
(pdftex.def)             Requested size: 350.0pt x 92.1087pt.
 [30] <./class_mandelbrot_a9a0551ef65afeec128f10c544c78826a_icgraph.pdf>
<class_mandelbrot_a9a0551ef65afeec128f10c544c78826a_icgraph.pdf, id=2888, 540.0
175pt x 100.375pt>
File: class_mandelbrot_a9a0551ef65afeec128f10c544c78826a_icgraph.pdf Graphic fi
le (type pdf)
<use class_mandelbrot_a9a0551ef65afeec128f10c544c78826a_icgraph.pdf>
Package pdftex.def Info: class_mandelbrot_a9a0551ef65afeec128f10c544c78826a_icg
raph.pdf  used on input line 515.
(pdftex.def)             Requested size: 350.0pt x 65.05763pt.
 <./class_mandelbrot_a9153b2a51f860815d7e374a16d9198b6_icgraph.pdf

pdfTeX warning: pdflatex.exe (file ./class_mandelbrot_a9153b2a51f860815d7e374a1
6d9198b6_icgraph.pdf): PDF inclusion: multiple pdfs with page group included in
 a single page
>
<class_mandelbrot_a9153b2a51f860815d7e374a16d9198b6_icgraph.pdf, id=2900, 551.0
5875pt x 138.5175pt>
File: class_mandelbrot_a9153b2a51f860815d7e374a16d9198b6_icgraph.pdf Graphic fi
le (type pdf)
<use class_mandelbrot_a9153b2a51f860815d7e374a16d9198b6_icgraph.pdf>
Package pdftex.def Info: class_mandelbrot_a9153b2a51f860815d7e374a16d9198b6_icg
raph.pdf  used on input line 545.
(pdftex.def)             Requested size: 350.0pt x 87.98087pt.
 <./class_mandelbrot_a68007e0e5cd253ba8468f7d3eab23865_icgraph.pdf

pdfTeX warning: pdflatex.exe (file ./class_mandelbrot_a68007e0e5cd253ba8468f7d3
eab23865_icgraph.pdf): PDF inclusion: multiple pdfs with page group included in
 a single page
>
<class_mandelbrot_a68007e0e5cd253ba8468f7d3eab23865_icgraph.pdf, id=2917, 546.0
4pt x 100.375pt>
File: class_mandelbrot_a68007e0e5cd253ba8468f7d3eab23865_icgraph.pdf Graphic fi
le (type pdf)
<use class_mandelbrot_a68007e0e5cd253ba8468f7d3eab23865_icgraph.pdf>
Package pdftex.def Info: class_mandelbrot_a68007e0e5cd253ba8468f7d3eab23865_icg
raph.pdf  used on input line 573.
(pdftex.def)             Requested size: 350.0pt x 64.33778pt.
 [31] <./class_mandelbrot_a45c0d3b8a3af28b7979454a12b7b15de_cgraph.pdf>
<class_mandelbrot_a45c0d3b8a3af28b7979454a12b7b15de_cgraph.pdf, id=2977, 519.94
25pt x 233.87375pt>
File: class_mandelbrot_a45c0d3b8a3af28b7979454a12b7b15de_cgraph.pdf Graphic fil
e (type pdf)
<use class_mandelbrot_a45c0d3b8a3af28b7979454a12b7b15de_cgraph.pdf>
Package pdftex.def Info: class_mandelbrot_a45c0d3b8a3af28b7979454a12b7b15de_cgr
aph.pdf  used on input line 622.
(pdftex.def)             Requested size: 350.0pt x 157.43329pt.

[32] <./class_mandelbrot_a45c0d3b8a3af28b7979454a12b7b15de_icgraph.pdf>
<class_mandelbrot_a45c0d3b8a3af28b7979454a12b7b15de_icgraph.pdf, id=3027, 252.9
45pt x 100.375pt>
File: class_mandelbrot_a45c0d3b8a3af28b7979454a12b7b15de_icgraph.pdf Graphic fi
le (type pdf)
<use class_mandelbrot_a45c0d3b8a3af28b7979454a12b7b15de_icgraph.pdf>
Package pdftex.def Info: class_mandelbrot_a45c0d3b8a3af28b7979454a12b7b15de_icg
raph.pdf  used on input line 630.
(pdftex.def)             Requested size: 252.0pt x 100.00255pt.
 <./class_mandelbrot_acc4093ebb0cebcb001efd41560a8d8e5_icgraph.pdf

pdfTeX warning: pdflatex.exe (file ./class_mandelbrot_acc4093ebb0cebcb001efd415
60a8d8e5_icgraph.pdf): PDF inclusion: multiple pdfs with page group included in
 a single page
>
<class_mandelbrot_acc4093ebb0cebcb001efd41560a8d8e5_icgraph.pdf, id=3047, 246.9
225pt x 100.375pt>
File: class_mandelbrot_acc4093ebb0cebcb001efd41560a8d8e5_icgraph.pdf Graphic fi
le (type pdf)
<use class_mandelbrot_acc4093ebb0cebcb001efd41560a8d8e5_icgraph.pdf>
Package pdftex.def Info: class_mandelbrot_acc4093ebb0cebcb001efd41560a8d8e5_icg
raph.pdf  used on input line 664.
(pdftex.def)             Requested size: 246.0pt x 99.9995pt.
 [33] [34]
Underfull \hbox (badness 10000) detected at line 762
[][][]
 []

 <./class_mandelbrot_a7be8a216826f97bb846b4a92460e0d2a_icgraph.pdf

pdfTeX warning: pdflatex.exe (file ./class_mandelbrot_a7be8a216826f97bb846b4a92
460e0d2a_icgraph.pdf): PDF inclusion: multiple pdfs with page group included in
 a single page
>
<class_mandelbrot_a7be8a216826f97bb846b4a92460e0d2a_icgraph.pdf, id=3139, 417.5
6pt x 100.375pt>
File: class_mandelbrot_a7be8a216826f97bb846b4a92460e0d2a_icgraph.pdf Graphic fi
le (type pdf)
<use class_mandelbrot_a7be8a216826f97bb846b4a92460e0d2a_icgraph.pdf>
Package pdftex.def Info: class_mandelbrot_a7be8a216826f97bb846b4a92460e0d2a_icg
raph.pdf  used on input line 789.
(pdftex.def)             Requested size: 350.0pt x 84.1398pt.
 [35] [36] [37] [38] [39]) (./class_neumorphic.tex <./class_neumorphic__inherit
__graph.pdf

pdfTeX warning: pdflatex.exe (file ./class_neumorphic__inherit__graph.pdf): PDF
 inclusion: multiple pdfs with page group included in a single page
>
<class_neumorphic__inherit__graph.pdf, id=3272, 226.8475pt x 475.7775pt>
File: class_neumorphic__inherit__graph.pdf Graphic file (type pdf)
<use class_neumorphic__inherit__graph.pdf>
Package pdftex.def Info: class_neumorphic__inherit__graph.pdf  used on input li
ne 14.
(pdftex.def)             Requested size: 226.0pt x 474.00493pt.
 [40] <./class_neumorphic__coll__graph.pdf

pdfTeX warning: pdflatex.exe (file ./class_neumorphic__coll__graph.pdf): PDF in
clusion: multiple pdfs with page group included in a single page
>
<class_neumorphic__coll__graph.pdf, id=3289, 226.8475pt x 475.7775pt>
File: class_neumorphic__coll__graph.pdf Graphic file (type pdf)
<use class_neumorphic__coll__graph.pdf>
Package pdftex.def Info: class_neumorphic__coll__graph.pdf  used on input line 
24.
(pdftex.def)             Requested size: 226.0pt x 474.00493pt.
 [41] [42] [43] <./class_neumorphic_a64c60604ca3389b60457ddaa16842459_cgraph.pd
f

pdfTeX warning: pdflatex.exe (file ./class_neumorphic_a64c60604ca3389b60457ddaa
16842459_cgraph.pdf): PDF inclusion: multiple pdfs with page group included in 
a single page
>
<class_neumorphic_a64c60604ca3389b60457ddaa16842459_cgraph.pdf, id=3395, 353.32
pt x 100.375pt>
File: class_neumorphic_a64c60604ca3389b60457ddaa16842459_cgraph.pdf Graphic fil
e (type pdf)
<use class_neumorphic_a64c60604ca3389b60457ddaa16842459_cgraph.pdf>
Package pdftex.def Info: class_neumorphic_a64c60604ca3389b60457ddaa16842459_cgr
aph.pdf  used on input line 134.
(pdftex.def)             Requested size: 350.0pt x 99.4328pt.
 <./class_neumorphic_a64c60604ca3389b60457ddaa16842459_icgraph.pdf

pdfTeX warning: pdflatex.exe (file ./class_neumorphic_a64c60604ca3389b60457ddaa
16842459_icgraph.pdf): PDF inclusion: multiple pdfs with page group included in
 a single page
>
<class_neumorphic_a64c60604ca3389b60457ddaa16842459_icgraph.pdf, id=3403, 575.1
4874pt x 100.375pt>
File: class_neumorphic_a64c60604ca3389b60457ddaa16842459_icgraph.pdf Graphic fi
le (type pdf)
<use class_neumorphic_a64c60604ca3389b60457ddaa16842459_icgraph.pdf>
Package pdftex.def Info: class_neumorphic_a64c60604ca3389b60457ddaa16842459_icg
raph.pdf  used on input line 142.
(pdftex.def)             Requested size: 350.0pt x 61.08315pt.
 [44] [45]) (./class_normal_map.tex <./class_normal_map__inherit__graph.pdf

pdfTeX warning: pdflatex.exe (file ./class_normal_map__inherit__graph.pdf): PDF
 inclusion: multiple pdfs with page group included in a single page
>
<class_normal_map__inherit__graph.pdf, id=3477, 226.8475pt x 475.7775pt>
File: class_normal_map__inherit__graph.pdf Graphic file (type pdf)
<use class_normal_map__inherit__graph.pdf>
Package pdftex.def Info: class_normal_map__inherit__graph.pdf  used on input li
ne 14.
(pdftex.def)             Requested size: 226.0pt x 474.00493pt.
 [46] <./class_normal_map__coll__graph.pdf

pdfTeX warning: pdflatex.exe (file ./class_normal_map__coll__graph.pdf): PDF in
clusion: multiple pdfs with page group included in a single page
>
<class_normal_map__coll__graph.pdf, id=3492, 226.8475pt x 248.93pt>
File: class_normal_map__coll__graph.pdf Graphic file (type pdf)
<use class_normal_map__coll__graph.pdf>
Package pdftex.def Info: class_normal_map__coll__graph.pdf  used on input line 
24.
(pdftex.def)             Requested size: 226.0pt x 248.00258pt.
 [47] [48]
Underfull \hbox (badness 10000) detected at line 113
[][][]
 []

 <./class_normal_map_a4dc30475f2a988068a3d710301ecdeca_icgraph.pdf>
<class_normal_map_a4dc30475f2a988068a3d710301ecdeca_icgraph.pdf, id=3542, 734.7
45pt x 100.375pt>
File: class_normal_map_a4dc30475f2a988068a3d710301ecdeca_icgraph.pdf Graphic fi
le (type pdf)
<use class_normal_map_a4dc30475f2a988068a3d710301ecdeca_icgraph.pdf>
Package pdftex.def Info: class_normal_map_a4dc30475f2a988068a3d710301ecdeca_icg
raph.pdf  used on input line 132.
(pdftex.def)             Requested size: 350.0pt x 47.81493pt.
 [49]
[50]) (./class_p_p_m.tex <./class_p_p_m__coll__graph.pdf>
<class_p_p_m__coll__graph.pdf, id=3600, 256.96pt x 436.63126pt>
File: class_p_p_m__coll__graph.pdf Graphic file (type pdf)
<use class_p_p_m__coll__graph.pdf>
Package pdftex.def Info: class_p_p_m__coll__graph.pdf  used on input line 14.
(pdftex.def)             Requested size: 256.0pt x 435.03119pt.
 [51] [52] [53] <./class_p_p_m_ae5bd97baf8db5daa88cf63a5b7fa4439_icgraph.pdf

pdfTeX warning: pdflatex.exe (file ./class_p_p_m_ae5bd97baf8db5daa88cf63a5b7fa4
439_icgraph.pdf): PDF inclusion: multiple pdfs with page group included in a si
ngle page
>
<class_p_p_m_ae5bd97baf8db5daa88cf63a5b7fa4439_icgraph.pdf, id=3733, 222.8325pt
 x 100.375pt>
File: class_p_p_m_ae5bd97baf8db5daa88cf63a5b7fa4439_icgraph.pdf Graphic file (t
ype pdf)
<use class_p_p_m_ae5bd97baf8db5daa88cf63a5b7fa4439_icgraph.pdf>
Package pdftex.def Info: class_p_p_m_ae5bd97baf8db5daa88cf63a5b7fa4439_icgraph.
pdf  used on input line 181.
(pdftex.def)             Requested size: 222.0pt x 100.00102pt.
 [54]
Underfull \hbox (badness 10000) detected at line 190
[][][]
 []

 <./class_p_p_m_a5a0eb3a7d6cb02ba6f81305210193a4e_icgraph.pdf>
<class_p_p_m_a5a0eb3a7d6cb02ba6f81305210193a4e_icgraph.pdf, id=3771, 246.9225pt
 x 100.375pt>
File: class_p_p_m_a5a0eb3a7d6cb02ba6f81305210193a4e_icgraph.pdf Graphic file (t
ype pdf)
<use class_p_p_m_a5a0eb3a7d6cb02ba6f81305210193a4e_icgraph.pdf>
Package pdftex.def Info: class_p_p_m_a5a0eb3a7d6cb02ba6f81305210193a4e_icgraph.
pdf  used on input line 217.
(pdftex.def)             Requested size: 246.0pt x 99.9995pt.

Underfull \hbox (badness 10000) detected at line 231
[][][]
 []

[55]
Overfull \hbox (1.47571pt too wide) in paragraph at lines 1--1
[]\T1/phv/m/sl/10 comment[] 
 []


Overfull \hbox (1.47571pt too wide) in paragraph at lines 1--1
[]\T1/phv/m/sl/10 height[] 
 []

[56]
Overfull \hbox (1.47571pt too wide) in paragraph at lines 1--1
[]\T1/phv/m/sl/10 width[] 
 []

 <./class_p_p_m_a3e0956996f2bb204dfd20525deffcc56_icgraph.pdf

pdfTeX warning: pdflatex.exe (file ./class_p_p_m_a3e0956996f2bb204dfd20525deffc
c56_icgraph.pdf): PDF inclusion: multiple pdfs with page group included in a si
ngle page
>
<class_p_p_m_a3e0956996f2bb204dfd20525deffcc56_icgraph.pdf, id=3848, 253.94875p
t x 100.375pt>
File: class_p_p_m_a3e0956996f2bb204dfd20525deffcc56_icgraph.pdf Graphic file (t
ype pdf)
<use class_p_p_m_a3e0956996f2bb204dfd20525deffcc56_icgraph.pdf>
Package pdftex.def Info: class_p_p_m_a3e0956996f2bb204dfd20525deffcc56_icgraph.
pdf  used on input line 359.
(pdftex.def)             Requested size: 253.0pt x 100.00409pt.
 [57]pdfTeX warning (ext4): destination with the same identifier (name{class_p_
p_m_l00064}) has been already used, duplicate ignored
<to be read again> 
                   \relax 
l.384 ...ypertarget{class_p_p_m_l00064}00064   \{}
                                                  pdfTeX warning (ext4): destin
ation with the same identifier (name{class_p_p_m_l00065}) has been already used
, duplicate ignored
<to be read again> 
                   \relax 
l.385 ...word}{const} *) row.data(), row.size());}
                                                   <./class_p_p_m_a789e4715a585
b66ceea443081c7350b0_icgraph.pdf>
<class_p_p_m_a789e4715a585b66ceea443081c7350b0_icgraph.pdf, id=3884, 239.89626p
t x 100.375pt>
File: class_p_p_m_a789e4715a585b66ceea443081c7350b0_icgraph.pdf Graphic file (t
ype pdf)
<use class_p_p_m_a789e4715a585b66ceea443081c7350b0_icgraph.pdf>
Package pdftex.def Info: class_p_p_m_a789e4715a585b66ceea443081c7350b0_icgraph.
pdf  used on input line 394.
(pdftex.def)             Requested size: 239.0pt x 100.00102pt.
 [58] [59]) (./class_shading.tex <./class_shading__inherit__graph.pdf

pdfTeX warning: pdflatex.exe (file ./class_shading__inherit__graph.pdf): PDF in
clusion: multiple pdfs with page group included in a single page
>
<class_shading__inherit__graph.pdf, id=3937, 574.145pt x 669.50125pt>
File: class_shading__inherit__graph.pdf Graphic file (type pdf)
<use class_shading__inherit__graph.pdf>
Package pdftex.def Info: class_shading__inherit__graph.pdf  used on input line 
14.
(pdftex.def)             Requested size: 350.0pt x 408.13977pt.
 <./class_shading__coll__graph.pdf

pdfTeX warning: pdflatex.exe (file ./class_shading__coll__graph.pdf): PDF inclu
sion: multiple pdfs with page group included in a single page
>
<class_shading__coll__graph.pdf, id=3945, 262.9825pt x 464.73625pt>
File: class_shading__coll__graph.pdf Graphic file (type pdf)
<use class_shading__coll__graph.pdf>
Package pdftex.def Info: class_shading__coll__graph.pdf  used on input line 24.

(pdftex.def)             Requested size: 262.0pt x 463.01901pt.
 [60] [61] [62]) (./class_striping.tex <./class_striping__inherit__graph.pdf

pdfTeX warning: pdflatex.exe (file ./class_striping__inherit__graph.pdf): PDF i
nclusion: multiple pdfs with page group included in a single page
>
<class_striping__inherit__graph.pdf, id=4024, 262.9825pt x 669.50125pt>
File: class_striping__inherit__graph.pdf Graphic file (type pdf)
<use class_striping__inherit__graph.pdf>
Package pdftex.def Info: class_striping__inherit__graph.pdf  used on input line
 14.
(pdftex.def)             Requested size: 216.06035pt x 550.0pt.
 [63] <./class_striping__coll__graph.pdf

pdfTeX warning: pdflatex.exe (file ./class_striping__coll__graph.pdf): PDF incl
usion: multiple pdfs with page group included in a single page
>
<class_striping__coll__graph.pdf, id=4047, 427.5975pt x 692.5875pt>
File: class_striping__coll__graph.pdf Graphic file (type pdf)
<use class_striping__coll__graph.pdf>
Package pdftex.def Info: class_striping__coll__graph.pdf  used on input line 24
.
(pdftex.def)             Requested size: 339.57301pt x 550.0pt.
 [64] [65] [66] <./class_striping_aea157fafe5303d41bba7bbf7887317c6_cgraph.pdf

pdfTeX warning: pdflatex.exe (file ./class_striping_aea157fafe5303d41bba7bbf788
7317c6_cgraph.pdf): PDF inclusion: multiple pdfs with page group included in a 
single page
>
<class_striping_aea157fafe5303d41bba7bbf7887317c6_cgraph.pdf, id=4121, 501.875p
t x 100.375pt>
File: class_striping_aea157fafe5303d41bba7bbf7887317c6_cgraph.pdf Graphic file 
(type pdf)
<use class_striping_aea157fafe5303d41bba7bbf7887317c6_cgraph.pdf>
Package pdftex.def Info: class_striping_aea157fafe5303d41bba7bbf7887317c6_cgrap
h.pdf  used on input line 136.
(pdftex.def)             Requested size: 350.0pt x 70.00316pt.
 <./class_striping_aea157fafe5303d41bba7bbf7887317c6_icgraph.pdf

pdfTeX warning: pdflatex.exe (file ./class_striping_aea157fafe5303d41bba7bbf788
7317c6_icgraph.pdf): PDF inclusion: multiple pdfs with page group included in a
 single page
>
<class_striping_aea157fafe5303d41bba7bbf7887317c6_icgraph.pdf, id=4129, 425.59p
t x 100.375pt>
File: class_striping_aea157fafe5303d41bba7bbf7887317c6_icgraph.pdf Graphic file
 (type pdf)
<use class_striping_aea157fafe5303d41bba7bbf7887317c6_icgraph.pdf>
Package pdftex.def Info: class_striping_aea157fafe5303d41bba7bbf7887317c6_icgra
ph.pdf  used on input line 144.
(pdftex.def)             Requested size: 350.0pt x 82.55154pt.
 [67]) (./class_thread_pool.tex <./class_thread_pool__coll__graph.pdf>
<class_thread_pool__coll__graph.pdf, id=4174, 218.8175pt x 259.97125pt>
File: class_thread_pool__coll__graph.pdf Graphic file (type pdf)
<use class_thread_pool__coll__graph.pdf>
Package pdftex.def Info: class_thread_pool__coll__graph.pdf  used on input line
 14.
(pdftex.def)             Requested size: 218.0pt x 259.0027pt.

[68] [69] [70] <./class_thread_pool_a44d3d2ab618970605e684efc216655eb_cgraph.pd
f

pdfTeX warning: pdflatex.exe (file ./class_thread_pool_a44d3d2ab618970605e684ef
c216655eb_cgraph.pdf): PDF inclusion: multiple pdfs with page group included in
 a single page
>
<class_thread_pool_a44d3d2ab618970605e684efc216655eb_cgraph.pdf, id=4279, 377.4
1pt x 100.375pt>
File: class_thread_pool_a44d3d2ab618970605e684efc216655eb_cgraph.pdf Graphic fi
le (type pdf)
<use class_thread_pool_a44d3d2ab618970605e684efc216655eb_cgraph.pdf>
Package pdftex.def Info: class_thread_pool_a44d3d2ab618970605e684efc216655eb_cg
raph.pdf  used on input line 186.
(pdftex.def)             Requested size: 350.0pt x 93.08434pt.
 [71]pdfTeX warning (ext4): destination with the same identifier (name{class_th
read_pool_l00045}) has been already used, duplicate ignored
<to be read again> 
                   \relax 
l.205 ...rget{class_thread_pool_l00045}00045   \{}
                                                  pdfTeX warning (ext4): destin
ation with the same identifier (name{class_thread_pool_l00046}) has been alread
y used, duplicate ignored
<to be read again> 
                   \relax 
l.206 ...nType = std::invoke\_result<T, ARGS...>;}
                                                  pdfTeX warning (ext4): destin
ation with the same identifier (name{class_thread_pool_l00047}) has been alread
y used, duplicate ignored
<to be read again> 
                   \relax 
l.207 ...= std::packaged\_task<taskReturnType()>;}
                                                  pdfTeX warning (ext4): destin
ation with the same identifier (name{class_thread_pool_l00048}) has been alread
y used, duplicate ignored
<to be read again> 
                   \relax 
l.208 ...ertarget{class_thread_pool_l00048}00048 }
                                                  pdfTeX warning (ext4): destin
ation with the same identifier (name{class_thread_pool_l00049}) has been alread
y used, duplicate ignored
<to be read again> 
                   \relax 
l.209 ...rd<T>(t), std::forward<ARGS>(args)...));}
                                                  pdfTeX warning (ext4): destin
ation with the same identifier (name{class_thread_pool_l00026}) has been alread
y used, duplicate ignored
<to be read again> 
                   \relax 
l.242 ...rget{class_thread_pool_l00026}00026   \{}
                                                  pdfTeX warning (ext4): destin
ation with the same identifier (name{class_thread_pool_l00027}) has been alread
y used, duplicate ignored
<to be read again> 
                   \relax 
l.243 ...ake\_tuple(std::forward<ARGS>(args)...)]}
                                                  pdfTeX warning (ext4): destin
ation with the same identifier (name{class_thread_pool_l00028}) has been alread
y used, duplicate ignored
<to be read again> 
                   \relax 
l.244 ...        () \{std::apply(proc, tuple);\};}
                                                  pdfTeX warning (ext4): destin
ation with the same identifier (name{class_thread_pool_l00029}) has been alread
y used, duplicate ignored
<to be read again> 
                   \relax 
l.245 ...ertarget{class_thread_pool_l00029}00029 }
                                                  pdfTeX warning (ext4): destin
ation with the same identifier (name{class_thread_pool_l00030}) has been alread
y used, duplicate ignored
<to be read again> 
                   \relax 
l.246 ...e0123343e802b9b7d68fa96a5a30}{index}}++;}
                                                  pdfTeX warning (ext4): destin
ation with the same identifier (name{class_thread_pool_l00031}) has been alread
y used, duplicate ignored
<to be read again> 
                   \relax 
l.247 ...ertarget{class_thread_pool_l00031}00031 }
                                                  pdfTeX warning (ext4): destin
ation with the same identifier (name{class_thread_pool_l00032}) has been alread
y used, duplicate ignored
<to be read again> 
                   \relax 
l.248 ...ecf9d9a9aed78eecf2b62}{countMult}}; j++)}
                                                  pdfTeX warning (ext4): destin
ation with the same identifier (name{class_thread_pool_l00033}) has been alread
y used, duplicate ignored
<to be read again> 
                   \relax 
l.249 ...et{class_thread_pool_l00033}00033     \{}
                                                  pdfTeX warning (ext4): destin
ation with the same identifier (name{class_thread_pool_l00034}) has been alread
y used, duplicate ignored
<to be read again> 
                   \relax 
l.250 ...2461ac37e7aaa}{count}}].try\_push(work))}
                                                  pdfTeX warning (ext4): destin
ation with the same identifier (name{class_thread_pool_l00035}) has been alread
y used, duplicate ignored
<to be read again> 
                   \relax 
l.251 ...{class_thread_pool_l00035}00035       \{}
                                                  pdfTeX warning (ext4): destin
ation with the same identifier (name{class_thread_pool_l00036}) has been alread
y used, duplicate ignored
<to be read again> 
                   \relax 
l.252 ...        \textcolor{keywordflow}{return};}
                                                  pdfTeX warning (ext4): destin
ation with the same identifier (name{class_thread_pool_l00037}) has been alread
y used, duplicate ignored
<to be read again> 
                   \relax 
l.253 ...{class_thread_pool_l00037}00037       \}}
                                                  pdfTeX warning (ext4): destin
ation with the same identifier (name{class_thread_pool_l00040}) has been alread
y used, duplicate ignored
<to be read again> 
                   \relax 
l.256 ...37e7aaa}{count}}].push(std::move(work));}
                                                  pdfTeX warning (ext4): destin
ation with the same identifier (name{class_thread_pool_l00041}) has been alread
y used, duplicate ignored
<to be read again> 
                   \relax 
l.257 ...rget{class_thread_pool_l00041}00041   \}}
                                                   <./class_thread_pool_adae7f9
7614c6f912c1137b81a486a189_icgraph.pdf>
<class_thread_pool_adae7f97614c6f912c1137b81a486a189_icgraph.pdf, id=4360, 289.
08pt x 100.375pt>
File: class_thread_pool_adae7f97614c6f912c1137b81a486a189_icgraph.pdf Graphic f
ile (type pdf)
<use class_thread_pool_adae7f97614c6f912c1137b81a486a189_icgraph.pdf>
Package pdftex.def Info: class_thread_pool_adae7f97614c6f912c1137b81a486a189_ic
graph.pdf  used on input line 265.
(pdftex.def)             Requested size: 288.0pt x 100.00562pt.
 [72]) (./class_unbounded_queue.tex
[73] <./class_unbounded_queue__coll__graph.pdf>
<class_unbounded_queue__coll__graph.pdf, id=4419, 256.96pt x 337.26pt>
File: class_unbounded_queue__coll__graph.pdf Graphic file (type pdf)
<use class_unbounded_queue__coll__graph.pdf>
Package pdftex.def Info: class_unbounded_queue__coll__graph.pdf  used on input 
line 14.
(pdftex.def)             Requested size: 256.0pt x 336.02408pt.
 [74]
LaTeX Font Info:    Font shape `T1/phv/bc/n' will be
(Font)              scaled to size 6.29996pt on input line 68.
 [75] [76] [77] [78]
[79] <./class_unbounded_queue_a3b156091dea7956e979290c4a326d405_icgraph.pdf

pdfTeX warning: pdflatex.exe (file ./class_unbounded_queue_a3b156091dea7956e979
290c4a326d405_icgraph.pdf): PDF inclusion: multiple pdfs with page group includ
ed in a single page
>
<class_unbounded_queue_a3b156091dea7956e979290c4a326d405_icgraph.pdf, id=4680, 
377.41pt x 100.375pt>
File: class_unbounded_queue_a3b156091dea7956e979290c4a326d405_icgraph.pdf Graph
ic file (type pdf)
<use class_unbounded_queue_a3b156091dea7956e979290c4a326d405_icgraph.pdf>
Package pdftex.def Info: class_unbounded_queue_a3b156091dea7956e979290c4a326d40
5_icgraph.pdf  used on input line 417.
(pdftex.def)             Requested size: 350.0pt x 93.08434pt.
 [80]) [81] [82

]
Chapter 6.
(./_c_make_c_compiler_id_8c.tex [83] [84]

Package fancyhdr Warning: \headheight is too small (12.0pt): 
(fancyhdr)                Make it at least 22.16548pt, for example:
(fancyhdr)                \setlength{\headheight}{22.16548pt}.
(fancyhdr)                You might also make \topmargin smaller to compensate:

(fancyhdr)                \addtolength{\topmargin}{-10.16548pt}.

[85]) (./_c_make_c_compiler_id_8c_source.tex [86] [87] [88] [89] [90] [91]
[92] [93] [94] [95]) (./_c_make_c_x_x_compiler_id_8cpp.tex [96]

Package fancyhdr Warning: \headheight is too small (12.0pt): 
(fancyhdr)                Make it at least 22.16548pt, for example:
(fancyhdr)                \setlength{\headheight}{22.16548pt}.
(fancyhdr)                You might also make \topmargin smaller to compensate:

(fancyhdr)                \addtolength{\topmargin}{-10.16548pt}.

[97] [98]

Package fancyhdr Warning: \headheight is too small (12.0pt): 
(fancyhdr)                Make it at least 22.16548pt, for example:
(fancyhdr)                \setlength{\headheight}{22.16548pt}.
(fancyhdr)                You might also make \topmargin smaller to compensate:

(fancyhdr)                \addtolength{\topmargin}{-10.16548pt}.

[99]) (./_c_make_c_x_x_compiler_id_8cpp_source.tex [100] [101] [102] [103]
[104] [105] [106] [107] [108]) (./_open_m_p_check_version_8c.tex <./_open_m_p_c
heck_version_8c__incl.pdf

pdfTeX warning: pdflatex.exe (file ./_open_m_p_check_version_8c__incl.pdf): PDF
 inclusion: multiple pdfs with page group included in a single page
>
<_open_m_p_check_version_8c__incl.pdf, id=6641, 323.2075pt x 178.6675pt>
File: _open_m_p_check_version_8c__incl.pdf Graphic file (type pdf)
<use _open_m_p_check_version_8c__incl.pdf>
Package pdftex.def Info: _open_m_p_check_version_8c__incl.pdf  used on input li
ne 10.
(pdftex.def)             Requested size: 322.0pt x 178.01003pt.


Package fancyhdr Warning: \headheight is too small (12.0pt): 
(fancyhdr)                Make it at least 22.16548pt, for example:
(fancyhdr)                \setlength{\headheight}{22.16548pt}.
(fancyhdr)                You might also make \topmargin smaller to compensate:

(fancyhdr)                \addtolength{\topmargin}{-10.16548pt}.

[109]) (./_open_m_p_check_version_8c_source.tex [110])
(./_open_m_p_check_version_8cpp.tex <./_open_m_p_check_version_8cpp__incl.pdf>
<_open_m_p_check_version_8cpp__incl.pdf, id=6748, 333.245pt x 178.6675pt>
File: _open_m_p_check_version_8cpp__incl.pdf Graphic file (type pdf)
<use _open_m_p_check_version_8cpp__incl.pdf>
Package pdftex.def Info: _open_m_p_check_version_8cpp__incl.pdf  used on input 
line 10.
(pdftex.def)             Requested size: 332.0pt x 178.01274pt.

[111]) (./_open_m_p_check_version_8cpp_source.tex) (./_open_m_p_try_flag_8c.tex
 <./_open_m_p_try_flag_8c__incl.pdf>
<_open_m_p_try_flag_8c__incl.pdf, id=6791, 294.09875pt x 178.6675pt>
File: _open_m_p_try_flag_8c__incl.pdf Graphic file (type pdf)
<use _open_m_p_try_flag_8c__incl.pdf>
Package pdftex.def Info: _open_m_p_try_flag_8c__incl.pdf  used on input line 9.

(pdftex.def)             Requested size: 293.0pt x 178.00185pt.
 [112]) (./_open_m_p_try_flag_8c_source.tex) (./_open_m_p_try_flag_8cpp.tex <./
_open_m_p_try_flag_8cpp__incl.pdf

pdfTeX warning: pdflatex.exe (file ./_open_m_p_try_flag_8cpp__incl.pdf): PDF in
clusion: multiple pdfs with page group included in a single page
>
<_open_m_p_try_flag_8cpp__incl.pdf, id=6836, 305.14pt x 178.6675pt>
File: _open_m_p_try_flag_8cpp__incl.pdf Graphic file (type pdf)
<use _open_m_p_try_flag_8cpp__incl.pdf>
Package pdftex.def Info: _open_m_p_try_flag_8cpp__incl.pdf  used on input line 
9.
(pdftex.def)             Requested size: 304.0pt x 178.0073pt.


Package fancyhdr Warning: \headheight is too small (12.0pt): 
(fancyhdr)                Make it at least 22.16548pt, for example:
(fancyhdr)                \setlength{\headheight}{22.16548pt}.
(fancyhdr)                You might also make \topmargin smaller to compensate:

(fancyhdr)                \addtolength{\topmargin}{-10.16548pt}.

[113]) (./_open_m_p_try_flag_8cpp_source.tex) (./_r_e_a_d_m_e_8md.tex)
(./_colorization_8cpp.tex <./_colorization_8cpp__incl.pdf>
<_colorization_8cpp__incl.pdf, id=6881, 235.88126pt x 223.83624pt>
File: _colorization_8cpp__incl.pdf Graphic file (type pdf)
<use _colorization_8cpp__incl.pdf>
Package pdftex.def Info: _colorization_8cpp__incl.pdf  used on input line 10.
(pdftex.def)             Requested size: 235.0pt x 223.00232pt.
 [114])
(./_colorization_8cpp_source.tex) (./_colorization_8h.tex <./_colorization_8h__
incl.pdf>
<_colorization_8h__incl.pdf, id=6930, 234.8775pt x 167.62625pt>
File: _colorization_8h__incl.pdf Graphic file (type pdf)
<use _colorization_8h__incl.pdf>
Package pdftex.def Info: _colorization_8h__incl.pdf  used on input line 9.
(pdftex.def)             Requested size: 234.0pt x 166.99916pt.
 [115] <./_colorization_8h__dep__incl.pdf>
<_colorization_8h__dep__incl.pdf, id=6958, 818.05624pt x 380.42125pt>
File: _colorization_8h__dep__incl.pdf Graphic file (type pdf)
<use _colorization_8h__dep__incl.pdf>
Package pdftex.def Info: _colorization_8h__dep__incl.pdf  used on input line 17
.
(pdftex.def)             Requested size: 350.0pt x 162.76527pt.
)
(./_colorization_8h_source.tex [116]) (./_inside_color_8cpp.tex <./_inside_colo
r_8cpp__incl.pdf>
<_inside_color_8cpp__incl.pdf, id=7000, 234.8775pt x 336.25626pt>
File: _inside_color_8cpp__incl.pdf Graphic file (type pdf)
<use _inside_color_8cpp__incl.pdf>
Package pdftex.def Info: _inside_color_8cpp__incl.pdf  used on input line 9.
(pdftex.def)             Requested size: 234.0pt x 334.99837pt.
) (./_inside_color_8cpp_source.tex [117])
(./_inside_color_8h.tex <./_inside_color_8h__incl.pdf>
<_inside_color_8h__incl.pdf, id=7052, 234.8775pt x 280.04625pt>
File: _inside_color_8h__incl.pdf Graphic file (type pdf)
<use _inside_color_8h__incl.pdf>
Package pdftex.def Info: _inside_color_8h__incl.pdf  used on input line 9.
(pdftex.def)             Requested size: 234.0pt x 278.99861pt.
 <./_inside_color_8h__dep__incl.pdf

pdfTeX warning: pdflatex.exe (file ./_inside_color_8h__dep__incl.pdf): PDF incl
usion: multiple pdfs with page group included in a single page
>
<_inside_color_8h__dep__incl.pdf, id=7060, 493.845pt x 245.91875pt>
File: _inside_color_8h__dep__incl.pdf Graphic file (type pdf)
<use _inside_color_8h__dep__incl.pdf>
Package pdftex.def Info: _inside_color_8h__dep__incl.pdf  used on input line 17
.
(pdftex.def)             Requested size: 350.0pt x 174.28831pt.
 [118]) (./_inside_color_8h_source.tex) (./_line_color_8cpp.tex <./_line_color_
8cpp__incl.pdf>
<_line_color_8cpp__incl.pdf, id=7109, 234.8775pt x 336.25626pt>
File: _line_color_8cpp__incl.pdf Graphic file (type pdf)
<use _line_color_8cpp__incl.pdf>
Package pdftex.def Info: _line_color_8cpp__incl.pdf  used on input line 9.
(pdftex.def)             Requested size: 234.0pt x 334.99837pt.
) (./_line_color_8cpp_source.tex [119]) (./_line_color_8h.tex
[120] <./_line_color_8h__incl.pdf>
<_line_color_8h__incl.pdf, id=7190, 234.8775pt x 280.04625pt>
File: _line_color_8h__incl.pdf Graphic file (type pdf)
<use _line_color_8h__incl.pdf>
Package pdftex.def Info: _line_color_8h__incl.pdf  used on input line 9.
(pdftex.def)             Requested size: 234.0pt x 278.99861pt.
 <./_line_color_8h__dep__incl.pdf

pdfTeX warning: pdflatex.exe (file ./_line_color_8h__dep__incl.pdf): PDF inclus
ion: multiple pdfs with page group included in a single page
>
<_line_color_8h__dep__incl.pdf, id=7198, 493.845pt x 245.91875pt>
File: _line_color_8h__dep__incl.pdf Graphic file (type pdf)
<use _line_color_8h__dep__incl.pdf>
Package pdftex.def Info: _line_color_8h__dep__incl.pdf  used on input line 17.
(pdftex.def)             Requested size: 350.0pt x 174.28831pt.
 [121]) (./_line_color_8h_source.tex) (./main_8cpp.tex <./main_8cpp__incl.pdf>
<main_8cpp__incl.pdf, id=7231, 1429.34pt x 392.46625pt>
File: main_8cpp__incl.pdf Graphic file (type pdf)
<use main_8cpp__incl.pdf>
Package pdftex.def Info: main_8cpp__incl.pdf  used on input line 15.
(pdftex.def)             Requested size: 350.0pt x 96.09818pt.
[122] [123] <./main_8cpp_ae66f6b31b5ad750f1fe042a706a4e3d4_cgraph.pdf

pdfTeX warning: pdflatex.exe (file ./main_8cpp_ae66f6b31b5ad750f1fe042a706a4e3d
4_cgraph.pdf): PDF inclusion: multiple pdfs with page group included in a singl
e page
>
<main_8cpp_ae66f6b31b5ad750f1fe042a706a4e3d4_cgraph.pdf, id=7351, 781.92125pt x
 424.58624pt>
File: main_8cpp_ae66f6b31b5ad750f1fe042a706a4e3d4_cgraph.pdf Graphic file (type
 pdf)
<use main_8cpp_ae66f6b31b5ad750f1fe042a706a4e3d4_cgraph.pdf>
Package pdftex.def Info: main_8cpp_ae66f6b31b5ad750f1fe042a706a4e3d4_cgraph.pdf
  used on input line 146.
(pdftex.def)             Requested size: 350.0pt x 190.05136pt.
) (./main_8cpp_source.tex [124] [125]) (./_mandelbrot_8cpp.tex <./_mandelbrot_8
cpp__incl.pdf

pdfTeX warning: pdflatex.exe (file ./_mandelbrot_8cpp__incl.pdf): PDF inclusion
: multiple pdfs with page group included in a single page
>
<_mandelbrot_8cpp__incl.pdf, id=7522, 614.295pt x 392.46625pt>
File: _mandelbrot_8cpp__incl.pdf Graphic file (type pdf)
<use _mandelbrot_8cpp__incl.pdf>
Package pdftex.def Info: _mandelbrot_8cpp__incl.pdf  used on input line 9.
(pdftex.def)             Requested size: 350.0pt x 223.61226pt.
) (./_mandelbrot_8cpp_source.tex [126] [127] [128] [129])
(./_mandelbrot_8h.tex <./_mandelbrot_8h__incl.pdf

pdfTeX warning: pdflatex.exe (file ./_mandelbrot_8h__incl.pdf): PDF inclusion: 
multiple pdfs with page group included in a single page
>
<_mandelbrot_8h__incl.pdf, id=8045, 614.295pt x 336.25626pt>
File: _mandelbrot_8h__incl.pdf Graphic file (type pdf)
<use _mandelbrot_8h__incl.pdf>
Package pdftex.def Info: _mandelbrot_8h__incl.pdf  used on input line 17.
(pdftex.def)             Requested size: 350.0pt x 191.58595pt.
 <./_mandelbrot_8h__dep__incl.pdf

pdfTeX warning: pdflatex.exe (file ./_mandelbrot_8h__dep__incl.pdf): PDF inclus
ion: multiple pdfs with page group included in a single page
>
<_mandelbrot_8h__dep__incl.pdf, id=8053, 407.5225pt x 178.6675pt>
File: _mandelbrot_8h__dep__incl.pdf Graphic file (type pdf)
<use _mandelbrot_8h__dep__incl.pdf>
Package pdftex.def Info: _mandelbrot_8h__dep__incl.pdf  used on input line 25.
(pdftex.def)             Requested size: 350.0pt x 153.45476pt.
 [130]) (./_mandelbrot_8h_source.tex [131] [132]) (./_neumorphic_8cpp.tex <./_n
eumorphic_8cpp__incl.pdf

pdfTeX warning: pdflatex.exe (file ./_neumorphic_8cpp__incl.pdf): PDF inclusion
: multiple pdfs with page group included in a single page
>
<_neumorphic_8cpp__incl.pdf, id=8284, 255.95625pt x 280.04625pt>
File: _neumorphic_8cpp__incl.pdf Graphic file (type pdf)
<use _neumorphic_8cpp__incl.pdf>
Package pdftex.def Info: _neumorphic_8cpp__incl.pdf  used on input line 9.
(pdftex.def)             Requested size: 255.0pt x 278.99861pt.
) (./_neumorphic_8cpp_source.tex [133]) (./_neumorphic_8h.tex <./_neumorphic_8h
__incl.pdf>
<_neumorphic_8h__incl.pdf, id=8354, 255.95625pt x 223.83624pt>
File: _neumorphic_8h__incl.pdf Graphic file (type pdf)
<use _neumorphic_8h__incl.pdf>
Package pdftex.def Info: _neumorphic_8h__incl.pdf  used on input line 9.
(pdftex.def)             Requested size: 255.0pt x 222.9989pt.
 <./_neumorphic_8h__dep__incl.pdf

pdfTeX warning: pdflatex.exe (file ./_neumorphic_8h__dep__incl.pdf): PDF inclus
ion: multiple pdfs with page group included in a single page
>
<_neumorphic_8h__dep__incl.pdf, id=8362, 495.8525pt x 313.17pt>
File: _neumorphic_8h__dep__incl.pdf Graphic file (type pdf)
<use _neumorphic_8h__dep__incl.pdf>
Package pdftex.def Info: _neumorphic_8h__dep__incl.pdf  used on input line 17.
(pdftex.def)             Requested size: 350.0pt x 221.05246pt.
 [134]) (./_neumorphic_8h_source.tex) (./_normal_map_8cpp.tex <./_normal_map_8c
pp__incl.pdf>
<_normal_map_8cpp__incl.pdf, id=8439, 255.95625pt x 223.83624pt>
File: _normal_map_8cpp__incl.pdf Graphic file (type pdf)
<use _normal_map_8cpp__incl.pdf>
Package pdftex.def Info: _normal_map_8cpp__incl.pdf  used on input line 9.
(pdftex.def)             Requested size: 255.0pt x 222.9989pt.
) (./_normal_map_8cpp_source.tex [135]) (./_normal_map_8h.tex <./_normal_map_8h
__incl.pdf>
<_normal_map_8h__incl.pdf, id=8501, 255.95625pt x 167.62625pt>
File: _normal_map_8h__incl.pdf Graphic file (type pdf)
<use _normal_map_8h__incl.pdf>
Package pdftex.def Info: _normal_map_8h__incl.pdf  used on input line 11.
(pdftex.def)             Requested size: 255.0pt x 166.99916pt.
 [136] <./_normal_map_8h__dep__incl.pdf>
<_normal_map_8h__dep__incl.pdf, id=8538, 495.8525pt x 380.42125pt>
File: _normal_map_8h__dep__incl.pdf Graphic file (type pdf)
<use _normal_map_8h__dep__incl.pdf>
Package pdftex.def Info: _normal_map_8h__dep__incl.pdf  used on input line 19.
(pdftex.def)             Requested size: 350.0pt x 268.52206pt.
)
(./_normal_map_8h_source.tex [137]) (./_p_p_m_8cpp.tex <./_p_p_m_8cpp__incl.pdf
>
<_p_p_m_8cpp__incl.pdf, id=8576, 453.695pt x 223.83624pt>
File: _p_p_m_8cpp__incl.pdf Graphic file (type pdf)
<use _p_p_m_8cpp__incl.pdf>
Package pdftex.def Info: _p_p_m_8cpp__incl.pdf  used on input line 10.
(pdftex.def)             Requested size: 350.0pt x 172.6789pt.
) (./_p_p_m_8cpp_source.tex [138]) (./_p_p_m_8h.tex <./_p_p_m_8h__incl.pdf>
<_p_p_m_8h__incl.pdf, id=8678, 453.695pt x 167.62625pt>
File: _p_p_m_8h__incl.pdf Graphic file (type pdf)
<use _p_p_m_8h__incl.pdf>
Package pdftex.def Info: _p_p_m_8h__incl.pdf  used on input line 14.
(pdftex.def)             Requested size: 350.0pt x 129.31558pt.

[139] <./_p_p_m_8h__dep__incl.pdf

pdfTeX warning: pdflatex.exe (file ./_p_p_m_8h__dep__incl.pdf): PDF inclusion: 
multiple pdfs with page group included in a single page
>
<_p_p_m_8h__dep__incl.pdf, id=8755, 407.5225pt x 178.6675pt>
File: _p_p_m_8h__dep__incl.pdf Graphic file (type pdf)
<use _p_p_m_8h__dep__incl.pdf>
Package pdftex.def Info: _p_p_m_8h__dep__incl.pdf  used on input line 22.
(pdftex.def)             Requested size: 350.0pt x 153.45476pt.
) (./_p_p_m_8h_source.tex [140]) (./_shading_8cpp.tex <./_shading_8cpp__incl.pd
f>
<_shading_8cpp__incl.pdf, id=8832, 234.8775pt x 280.04625pt>
File: _shading_8cpp__incl.pdf Graphic file (type pdf)
<use _shading_8cpp__incl.pdf>
Package pdftex.def Info: _shading_8cpp__incl.pdf  used on input line 10.
(pdftex.def)             Requested size: 234.0pt x 278.99861pt.
) (./_shading_8cpp_source.tex [141]) (./_shading_8h.tex <./_shading_8h__incl.pd
f

pdfTeX warning: pdflatex.exe (file ./_shading_8h__incl.pdf): PDF inclusion: mul
tiple pdfs with page group included in a single page
>
<_shading_8h__incl.pdf, id=8897, 234.8775pt x 223.83624pt>
File: _shading_8h__incl.pdf Graphic file (type pdf)
<use _shading_8h__incl.pdf>
Package pdftex.def Info: _shading_8h__incl.pdf  used on input line 9.
(pdftex.def)             Requested size: 234.0pt x 222.9989pt.
 [142] <./_shading_8h__dep__incl.pdf>
<_shading_8h__dep__incl.pdf, id=8927, 858.20625pt x 313.17pt>
File: _shading_8h__dep__incl.pdf Graphic file (type pdf)
<use _shading_8h__dep__incl.pdf>
Package pdftex.def Info: _shading_8h__dep__incl.pdf  used on input line 17.
(pdftex.def)             Requested size: 350.0pt x 127.71718pt.
) (./_shading_8h_source.tex [143])
(./_striping_8cpp.tex <./_striping_8cpp__incl.pdf>
<_striping_8cpp__incl.pdf, id=8969, 294.09875pt x 336.25626pt>
File: _striping_8cpp__incl.pdf Graphic file (type pdf)
<use _striping_8cpp__incl.pdf>
Package pdftex.def Info: _striping_8cpp__incl.pdf  used on input line 9.
(pdftex.def)             Requested size: 293.0pt x 335.0035pt.
)
(./_striping_8cpp_source.tex [144]) (./_striping_8h.tex <./_striping_8h__incl.p
df>
<_striping_8h__incl.pdf, id=9030, 294.09875pt x 280.04625pt>
File: _striping_8h__incl.pdf Graphic file (type pdf)
<use _striping_8h__incl.pdf>
Package pdftex.def Info: _striping_8h__incl.pdf  used on input line 10.
(pdftex.def)             Requested size: 293.0pt x 279.00288pt.
 [145] <./_striping_8h__dep__incl.pdf

pdfTeX warning: pdflatex.exe (file ./_striping_8h__dep__incl.pdf): PDF inclusio
n: multiple pdfs with page group included in a single page
>
<_striping_8h__dep__incl.pdf, id=9074, 493.845pt x 245.91875pt>
File: _striping_8h__dep__incl.pdf Graphic file (type pdf)
<use _striping_8h__dep__incl.pdf>
Package pdftex.def Info: _striping_8h__dep__incl.pdf  used on input line 18.
(pdftex.def)             Requested size: 350.0pt x 174.28831pt.
) (./_striping_8h_source.tex [146]) (./_thread_pool_8cpp.tex <./_thread_pool_8c
pp__incl.pdf>
<_thread_pool_8cpp__incl.pdf, id=9113, 539.01375pt x 280.04625pt>
File: _thread_pool_8cpp__incl.pdf Graphic file (type pdf)
<use _thread_pool_8cpp__incl.pdf>
Package pdftex.def Info: _thread_pool_8cpp__incl.pdf  used on input line 9.
(pdftex.def)             Requested size: 350.0pt x 181.84415pt.
) (./_thread_pool_8cpp_source.tex [147]) (./_thread_pool_8h.tex <./_thread_pool
_8h__incl.pdf>
<_thread_pool_8h__incl.pdf, id=9181, 539.01375pt x 223.83624pt>
File: _thread_pool_8h__incl.pdf Graphic file (type pdf)
<use _thread_pool_8h__incl.pdf>
Package pdftex.def Info: _thread_pool_8h__incl.pdf  used on input line 15.
(pdftex.def)             Requested size: 350.0pt x 145.34496pt.
 <./_thread_pool_8h__dep__incl.pdf

pdfTeX warning: pdflatex.exe (file ./_thread_pool_8h__dep__incl.pdf): PDF inclu
sion: multiple pdfs with page group included in a single page
>
<_thread_pool_8h__dep__incl.pdf, id=9189, 598.235pt x 178.6675pt>
File: _thread_pool_8h__dep__incl.pdf Graphic file (type pdf)
<use _thread_pool_8h__dep__incl.pdf>
Package pdftex.def Info: _thread_pool_8h__dep__incl.pdf  used on input line 23.

(pdftex.def)             Requested size: 350.0pt x 104.53232pt.
 [148]) (./_thread_pool_8h_source.tex [149]) (./_thread_pool_test_8cpp.tex <./_
thread_pool_test_8cpp__incl.pdf>
<_thread_pool_test_8cpp__incl.pdf, id=9346, 631.35875pt x 280.04625pt>
File: _thread_pool_test_8cpp__incl.pdf Graphic file (type pdf)
<use _thread_pool_test_8cpp__incl.pdf>
Package pdftex.def Info: _thread_pool_test_8cpp__incl.pdf  used on input line 1
2.
(pdftex.def)             Requested size: 350.0pt x 155.24802pt.
 [150] <./_thread_pool_test_8cpp_ae66f6b31b5ad750f1fe042a706a4e3d4_cgraph.pdf>
<_thread_pool_test_8cpp_ae66f6b31b5ad750f1fe042a706a4e3d4_cgraph.pdf, id=9396, 
289.08pt x 100.375pt>
File: _thread_pool_test_8cpp_ae66f6b31b5ad750f1fe042a706a4e3d4_cgraph.pdf Graph
ic file (type pdf)
<use _thread_pool_test_8cpp_ae66f6b31b5ad750f1fe042a706a4e3d4_cgraph.pdf>
Package pdftex.def Info: _thread_pool_test_8cpp_ae66f6b31b5ad750f1fe042a706a4e3
d4_cgraph.pdf  used on input line 101.
(pdftex.def)             Requested size: 288.0pt x 100.00562pt.
) (./_thread_pool_test_8cpp_source.tex [151]
[152]) (./_unbounded_queue_8h.tex <./_unbounded_queue_8h__incl.pdf>
<_unbounded_queue_8h__incl.pdf, id=9543, 434.62375pt x 167.62625pt>
File: _unbounded_queue_8h__incl.pdf Graphic file (type pdf)
<use _unbounded_queue_8h__incl.pdf>
Package pdftex.def Info: _unbounded_queue_8h__incl.pdf  used on input line 13.
(pdftex.def)             Requested size: 350.0pt x 134.99638pt.
 <./_unbounded_queue_8h__dep__incl.pdf

pdfTeX warning: pdflatex.exe (file ./_unbounded_queue_8h__dep__incl.pdf): PDF i
nclusion: multiple pdfs with page group included in a single page
>
<_unbounded_queue_8h__dep__incl.pdf, id=9551, 598.235pt x 245.91875pt>
File: _unbounded_queue_8h__dep__incl.pdf Graphic file (type pdf)
<use _unbounded_queue_8h__dep__incl.pdf>
Package pdftex.def Info: _unbounded_queue_8h__dep__incl.pdf  used on input line
 21.
(pdftex.def)             Requested size: 350.0pt x 143.87877pt.
) (./_unbounded_queue_8h_source.tex [153] [154] [155]) [156] (./refman.ind
[157



]
Underfull \hbox (badness 10000) in paragraph at lines 149--151
[]\T1/phv/m/n/10 D:/Documents/Final/Mandelbrot_Cpp_Final/cmake-
 []


Overfull \hbox (84.2231pt too wide) in paragraph at lines 149--151
\T1/phv/m/n/10 build-debug/CMakeFiles/3.21.1/CompilerIdC/CMakeCCompilerId.c,
 []


Underfull \hbox (badness 10000) in paragraph at lines 151--153
[]\T1/phv/m/n/10 D:/Documents/Final/Mandelbrot_Cpp_Final/cmake-
 []


Overfull \hbox (118.24245pt too wide) in paragraph at lines 151--153
\T1/phv/m/n/10 build-debug/CMakeFiles/3.21.1/CompilerIdCXX/CMakeCXXCompilerId.c
pp,
 []


Underfull \hbox (badness 10000) in paragraph at lines 153--155
[]\T1/phv/m/n/10 D:/Documents/Final/Mandelbrot_Cpp_Final/cmake-
 []


Overfull \hbox (72.0196pt too wide) in paragraph at lines 153--155
\T1/phv/m/n/10 build-debug/CMakeFiles/FindOpenMP/OpenMPCheckVersion.c,
 []


Underfull \hbox (badness 10000) in paragraph at lines 155--157
[]\T1/phv/m/n/10 D:/Documents/Final/Mandelbrot_Cpp_Final/cmake-
 []


Overfull \hbox (82.02742pt too wide) in paragraph at lines 155--157
\T1/phv/m/n/10 build-debug/CMakeFiles/FindOpenMP/OpenMPCheckVersion.cpp,
 []


Underfull \hbox (badness 10000) in paragraph at lines 157--159
[]\T1/phv/m/n/10 D:/Documents/Final/Mandelbrot_Cpp_Final/cmake-
 []


Overfull \hbox (46.59491pt too wide) in paragraph at lines 157--159
\T1/phv/m/n/10 build-debug/CMakeFiles/FindOpenMP/OpenMPTryFlag.c,
 []


Underfull \hbox (badness 10000) in paragraph at lines 159--161
[]\T1/phv/m/n/10 D:/Documents/Final/Mandelbrot_Cpp_Final/cmake-
 []


Overfull \hbox (56.60272pt too wide) in paragraph at lines 159--161
\T1/phv/m/n/10 build-debug/CMakeFiles/FindOpenMP/OpenMPTryFlag.cpp,
 []


Overfull \hbox (34.08897pt too wide) in paragraph at lines 163--165
[]\T1/phv/m/n/10 D:/Documents/Final/Mandelbrot_Cpp_Final/src/Colorization.cpp,
 []


Overfull \hbox (24.5851pt too wide) in paragraph at lines 165--167
[]\T1/phv/m/n/10 D:/Documents/Final/Mandelbrot_Cpp_Final/src/Colorization.h,
 []


Overfull \hbox (31.5061pt too wide) in paragraph at lines 167--169
[]\T1/phv/m/n/10 D:/Documents/Final/Mandelbrot_Cpp_Final/src/InsideColor.cpp,
 []


Overfull \hbox (22.00223pt too wide) in paragraph at lines 169--171
[]\T1/phv/m/n/10 D:/Documents/Final/Mandelbrot_Cpp_Final/src/InsideColor.h,
 []


Overfull \hbox (24.50424pt too wide) in paragraph at lines 171--173
[]\T1/phv/m/n/10 D:/Documents/Final/Mandelbrot_Cpp_Final/src/LineColor.cpp,
 []


Overfull \hbox (15.00037pt too wide) in paragraph at lines 173--175
[]\T1/phv/m/n/10 D:/Documents/Final/Mandelbrot_Cpp_Final/src/LineColor.h,
 []


Overfull \hbox (31.46107pt too wide) in paragraph at lines 177--179
[]\T1/phv/m/n/10 D:/Documents/Final/Mandelbrot_Cpp_Final/src/Mandelbrot.cpp,
 []


Overfull \hbox (21.9572pt too wide) in paragraph at lines 179--181
[]\T1/phv/m/n/10 D:/Documents/Final/Mandelbrot_Cpp_Final/src/Mandelbrot.h,
 []


Overfull \hbox (35.2231pt too wide) in paragraph at lines 181--183
[]\T1/phv/m/n/10 D:/Documents/Final/Mandelbrot_Cpp_Final/src/Neumorphic.cpp,
 []


Overfull \hbox (25.71922pt too wide) in paragraph at lines 183--185
[]\T1/phv/m/n/10 D:/Documents/Final/Mandelbrot_Cpp_Final/src/Neumorphic.h,
 []


Overfull \hbox (32.8562pt too wide) in paragraph at lines 185--187
[]\T1/phv/m/n/10 D:/Documents/Final/Mandelbrot_Cpp_Final/src/NormalMap.cpp,
 []


Overfull \hbox (23.35233pt too wide) in paragraph at lines 187--189
[]\T1/phv/m/n/10 D:/Documents/Final/Mandelbrot_Cpp_Final/src/NormalMap.h,
 []


Underfull \hbox (badness 10000) in paragraph at lines 191--193
[]\T1/phv/m/n/10 D:/Documents/Final/Mandelbrot_Cpp_Final/src/PPM.h,
 []


Overfull \hbox (19.46432pt too wide) in paragraph at lines 193--195
[]\T1/phv/m/n/10 D:/Documents/Final/Mandelbrot_Cpp_Final/src/Shading.cpp,
 []


Overfull \hbox (17.0882pt too wide) in paragraph at lines 197--199
[]\T1/phv/m/n/10 D:/Documents/Final/Mandelbrot_Cpp_Final/src/Striping.cpp,
 []


Overfull \hbox (32.5141pt too wide) in paragraph at lines 201--203
[]\T1/phv/m/n/10 D:/Documents/Final/Mandelbrot_Cpp_Final/src/ThreadPool.cpp,
 []


Overfull \hbox (23.01022pt too wide) in paragraph at lines 203--205
[]\T1/phv/m/n/10 D:/Documents/Final/Mandelbrot_Cpp_Final/src/ThreadPool.h,
 []


Overfull \hbox (48.93886pt too wide) in paragraph at lines 205--207
[]\T1/phv/m/n/10 D:/Documents/Final/Mandelbrot_Cpp_Final/src/ThreadPoolTest.cpp
,
 []


Overfull \hbox (50.35182pt too wide) in paragraph at lines 207--209
[]\T1/phv/m/n/10 D:/Documents/Final/Mandelbrot_Cpp_Final/src/UnboundedQueue.h,
 []

[158] [159] [160] [161] [162]) (./refman.aux)
Package rerunfilecheck Info: File `refman.out' has not changed.
(rerunfilecheck)             Checksum: 4E4E6221C6BC3633657FC6048F03256E;73938.
 ) 
Here is how much of TeX's memory you used:
 23386 strings out of 478599
 466060 string characters out of 5858095
 727022 words of memory out of 5000000
 35925 multiletter control sequences out of 15000+600000
 465164 words of font info for 109 fonts, out of 8000000 for 9000
 1141 hyphenation exceptions out of 8191
 101i,16n,117p,1363b,635s stack positions out of 5000i,500n,10000p,200000b,80000s
pdfTeX warning (dest): name{usage} has been referenced but does not exist, re
placed by a fixed one

{c:/texlive/2021/texmf-dist/fonts/enc/dvips/base/8r.enc}<c:/texlive/2021/texmf-
dist/fonts/type1/public/amsfonts/cm/cmmi10.pfb><c:/texlive/2021/texmf-dist/font
s/type1/public/amsfonts/cm/cmmi12.pfb><c:/texlive/2021/texmf-dist/fonts/type1/p
ublic/amsfonts/cm/cmmi7.pfb><c:/texlive/2021/texmf-dist/fonts/type1/public/amsf
onts/cm/cmmi8.pfb><c:/texlive/2021/texmf-dist/fonts/type1/public/amsfonts/cm/cm
sy10.pfb><c:/texlive/2021/texmf-dist/fonts/type1/public/amsfonts/cm/cmsy7.pfb><
c:/texlive/2021/texmf-dist/fonts/type1/public/amsfonts/cm/cmsy8.pfb><c:/texlive
/2021/texmf-dist/fonts/type1/urw/courier/ucrb8a.pfb><c:/texlive/2021/texmf-dist
/fonts/type1/urw/courier/ucrr8a.pfb><c:/texlive/2021/texmf-dist/fonts/type1/urw
/courier/ucrro8a.pfb><c:/texlive/2021/texmf-dist/fonts/type1/urw/helvetic/uhvb8
a.pfb><c:/texlive/2021/texmf-dist/fonts/type1/urw/helvetic/uhvb8ac.pfb><c:/texl
ive/2021/texmf-dist/fonts/type1/urw/helvetic/uhvr8a.pfb><c:/texlive/2021/texmf-
dist/fonts/type1/urw/helvetic/uhvro8a.pfb>
Output written on refman.pdf (174 pages, 2096759 bytes).
PDF statistics:
 11348 PDF objects out of 12825 (max. 8388607)
 10745 compressed objects within 108 object streams
 4850 named destinations out of 5155 (max. 500000)
 3260 words of extra memory for PDF output out of 10000 (max. 10000000)

